{"C:\\Users\\jairo\\OneDrive\\Documentos\\GitHub\\Pruebas_Athlos\\athlos-backend\\src\\check_db.ts": {"path":"C:\\Users\\jairo\\OneDrive\\Documentos\\GitHub\\Pruebas_Athlos\\athlos-backend\\src\\check_db.ts","statementMap":{"0":{"start":{"line":4,"column":4},"end":{"line":43,"column":null}},"1":{"start":{"line":5,"column":8},"end":{"line":5,"column":null}},"2":{"start":{"line":6,"column":23},"end":{"line":8,"column":null}},"3":{"start":{"line":9,"column":8},"end":{"line":9,"column":null}},"4":{"start":{"line":10,"column":8},"end":{"line":10,"column":null}},"5":{"start":{"line":13,"column":8},"end":{"line":13,"column":null}},"6":{"start":{"line":14,"column":25},"end":{"line":18,"column":null}},"7":{"start":{"line":19,"column":8},"end":{"line":19,"column":null}},"8":{"start":{"line":22,"column":8},"end":{"line":22,"column":null}},"9":{"start":{"line":23,"column":27},"end":{"line":27,"column":null}},"10":{"start":{"line":28,"column":8},"end":{"line":28,"column":null}},"11":{"start":{"line":31,"column":8},"end":{"line":31,"column":null}},"12":{"start":{"line":32,"column":23},"end":{"line":36,"column":null}},"13":{"start":{"line":37,"column":8},"end":{"line":37,"column":null}},"14":{"start":{"line":39,"column":8},"end":{"line":39,"column":null}},"15":{"start":{"line":41,"column":8},"end":{"line":41,"column":null}},"16":{"start":{"line":42,"column":8},"end":{"line":42,"column":null}},"17":{"start":{"line":46,"column":0},"end":{"line":46,"column":null}}},"fnMap":{"0":{"name":"main","decl":{"start":{"line":3,"column":15},"end":{"line":3,"column":22}},"loc":{"start":{"line":3,"column":22},"end":{"line":44,"column":null}},"line":3}},"branchMap":{},"s":{"0":0,"1":0,"2":0,"3":0,"4":0,"5":0,"6":0,"7":0,"8":0,"9":0,"10":0,"11":0,"12":0,"13":0,"14":0,"15":0,"16":0,"17":0},"f":{"0":0},"b":{},"meta":{"lastBranch":0,"lastFunction":1,"lastStatement":18,"seen":{"f:3:15:3:22":0,"s:4:4:43:Infinity":0,"s:5:8:5:Infinity":1,"s:6:23:8:Infinity":2,"s:9:8:9:Infinity":3,"s:10:8:10:Infinity":4,"s:13:8:13:Infinity":5,"s:14:25:18:Infinity":6,"s:19:8:19:Infinity":7,"s:22:8:22:Infinity":8,"s:23:27:27:Infinity":9,"s:28:8:28:Infinity":10,"s:31:8:31:Infinity":11,"s:32:23:36:Infinity":12,"s:37:8:37:Infinity":13,"s:39:8:39:Infinity":14,"s:41:8:41:Infinity":15,"s:42:8:42:Infinity":16,"s:46:0:46:Infinity":17},"fnNames":{}}}
,"C:\\Users\\jairo\\OneDrive\\Documentos\\GitHub\\Pruebas_Athlos\\athlos-backend\\src\\config\\db.ts": {"path":"C:\\Users\\jairo\\OneDrive\\Documentos\\GitHub\\Pruebas_Athlos\\athlos-backend\\src\\config\\db.ts","statementMap":{"0":{"start":{"line":5,"column":0},"end":{"line":5,"column":null}},"1":{"start":{"line":14,"column":33},"end":{"line":14,"column":null}},"2":{"start":{"line":16,"column":8},"end":{"line":18,"column":null}},"3":{"start":{"line":17,"column":12},"end":{"line":17,"column":null}},"4":{"start":{"line":20,"column":8},"end":{"line":20,"column":null}},"5":{"start":{"line":22,"column":8},"end":{"line":29,"column":null}},"6":{"start":{"line":32,"column":8},"end":{"line":32,"column":null}},"7":{"start":{"line":36,"column":8},"end":{"line":42,"column":null}},"8":{"start":{"line":37,"column":27},"end":{"line":37,"column":null}},"9":{"start":{"line":38,"column":12},"end":{"line":38,"column":null}},"10":{"start":{"line":39,"column":12},"end":{"line":39,"column":null}},"11":{"start":{"line":41,"column":12},"end":{"line":41,"column":null}},"12":{"start":{"line":47,"column":8},"end":{"line":49,"column":null}},"13":{"start":{"line":48,"column":12},"end":{"line":48,"column":null}},"14":{"start":{"line":50,"column":8},"end":{"line":50,"column":null}},"15":{"start":{"line":55,"column":22},"end":{"line":55,"column":null}},"16":{"start":{"line":56,"column":20},"end":{"line":56,"column":null}},"17":{"start":{"line":57,"column":25},"end":{"line":57,"column":null}},"18":{"start":{"line":58,"column":8},"end":{"line":58,"column":null}},"19":{"start":{"line":59,"column":8},"end":{"line":59,"column":null}},"20":{"start":{"line":64,"column":23},"end":{"line":64,"column":null}},"21":{"start":{"line":65,"column":8},"end":{"line":75,"column":null}},"22":{"start":{"line":66,"column":12},"end":{"line":66,"column":null}},"23":{"start":{"line":67,"column":27},"end":{"line":67,"column":null}},"24":{"start":{"line":68,"column":12},"end":{"line":68,"column":null}},"25":{"start":{"line":69,"column":12},"end":{"line":69,"column":null}},"26":{"start":{"line":71,"column":12},"end":{"line":71,"column":null}},"27":{"start":{"line":72,"column":12},"end":{"line":72,"column":null}},"28":{"start":{"line":74,"column":12},"end":{"line":74,"column":null}}},"fnMap":{"0":{"name":"constructor","decl":{"start":{"line":13,"column":4},"end":{"line":13,"column":12}},"loc":{"start":{"line":13,"column":26},"end":{"line":33,"column":null}},"line":13},"1":{"name":"testConnection","decl":{"start":{"line":35,"column":18},"end":{"line":35,"column":35}},"loc":{"start":{"line":35,"column":35},"end":{"line":43,"column":null}},"line":35},"2":{"name":"getInstance","decl":{"start":{"line":46,"column":18},"end":{"line":46,"column":42}},"loc":{"start":{"line":46,"column":42},"end":{"line":51,"column":null}},"line":46},"3":{"name":"query","decl":{"start":{"line":54,"column":17},"end":{"line":54,"column":23}},"loc":{"start":{"line":54,"column":75},"end":{"line":60,"column":null}},"line":54},"4":{"name":"transaction","decl":{"start":{"line":63,"column":17},"end":{"line":63,"column":32}},"loc":{"start":{"line":63,"column":90},"end":{"line":76,"column":null}},"line":63}},"branchMap":{"0":{"loc":{"start":{"line":16,"column":8},"end":{"line":18,"column":null}},"type":"if","locations":[{"start":{"line":16,"column":8},"end":{"line":18,"column":null}},{"start":{},"end":{}}],"line":16},"1":{"loc":{"start":{"line":47,"column":8},"end":{"line":49,"column":null}},"type":"if","locations":[{"start":{"line":47,"column":8},"end":{"line":49,"column":null}},{"start":{},"end":{}}],"line":47}},"s":{"0":0,"1":0,"2":0,"3":0,"4":0,"5":0,"6":0,"7":0,"8":0,"9":0,"10":0,"11":0,"12":0,"13":0,"14":0,"15":0,"16":0,"17":0,"18":0,"19":0,"20":0,"21":0,"22":0,"23":0,"24":0,"25":0,"26":0,"27":0,"28":0},"f":{"0":0,"1":0,"2":0,"3":0,"4":0},"b":{"0":[0,0],"1":[0,0]},"meta":{"lastBranch":2,"lastFunction":5,"lastStatement":29,"seen":{"s:5:0:5:Infinity":0,"f:13:4:13:12":0,"s:14:33:14:Infinity":1,"b:16:8:18:Infinity:undefined:undefined:undefined:undefined":0,"s:16:8:18:Infinity":2,"s:17:12:17:Infinity":3,"s:20:8:20:Infinity":4,"s:22:8:29:Infinity":5,"s:32:8:32:Infinity":6,"f:35:18:35:35":1,"s:36:8:42:Infinity":7,"s:37:27:37:Infinity":8,"s:38:12:38:Infinity":9,"s:39:12:39:Infinity":10,"s:41:12:41:Infinity":11,"f:46:18:46:42":2,"b:47:8:49:Infinity:undefined:undefined:undefined:undefined":1,"s:47:8:49:Infinity":12,"s:48:12:48:Infinity":13,"s:50:8:50:Infinity":14,"f:54:17:54:23":3,"s:55:22:55:Infinity":15,"s:56:20:56:Infinity":16,"s:57:25:57:Infinity":17,"s:58:8:58:Infinity":18,"s:59:8:59:Infinity":19,"f:63:17:63:32":4,"s:64:23:64:Infinity":20,"s:65:8:75:Infinity":21,"s:66:12:66:Infinity":22,"s:67:27:67:Infinity":23,"s:68:12:68:Infinity":24,"s:69:12:69:Infinity":25,"s:71:12:71:Infinity":26,"s:72:12:72:Infinity":27,"s:74:12:74:Infinity":28},"fnNames":{}}}
,"C:\\Users\\jairo\\OneDrive\\Documentos\\GitHub\\Pruebas_Athlos\\athlos-backend\\src\\controllers\\auth.controller.ts": {"path":"C:\\Users\\jairo\\OneDrive\\Documentos\\GitHub\\Pruebas_Athlos\\athlos-backend\\src\\controllers\\auth.controller.ts","statementMap":{"0":{"start":{"line":12,"column":26},"end":{"line":12,"column":null}},"1":{"start":{"line":13,"column":19},"end":{"line":13,"column":null}},"2":{"start":{"line":16,"column":24},"end":{"line":58,"column":null}},"3":{"start":{"line":17,"column":4},"end":{"line":57,"column":null}},"4":{"start":{"line":18,"column":44},"end":{"line":18,"column":null}},"5":{"start":{"line":21,"column":23},"end":{"line":24,"column":null}},"6":{"start":{"line":25,"column":8},"end":{"line":27,"column":null}},"7":{"start":{"line":26,"column":12},"end":{"line":26,"column":null}},"8":{"start":{"line":30,"column":21},"end":{"line":30,"column":null}},"9":{"start":{"line":31,"column":23},"end":{"line":36,"column":null}},"10":{"start":{"line":39,"column":23},"end":{"line":39,"column":48}},"11":{"start":{"line":40,"column":8},"end":{"line":40,"column":null}},"12":{"start":{"line":42,"column":4},"end":{"line":47,"column":null}},"13":{"start":{"line":43,"column":12},"end":{"line":43,"column":null}},"14":{"start":{"line":45,"column":12},"end":{"line":45,"column":null}},"15":{"start":{"line":49,"column":8},"end":{"line":53,"column":null}},"16":{"start":{"line":55,"column":8},"end":{"line":55,"column":null}},"17":{"start":{"line":56,"column":8},"end":{"line":56,"column":null}},"18":{"start":{"line":61,"column":27},"end":{"line":87,"column":null}},"19":{"start":{"line":62,"column":4},"end":{"line":86,"column":null}},"20":{"start":{"line":63,"column":34},"end":{"line":63,"column":null}},"21":{"start":{"line":65,"column":31},"end":{"line":65,"column":null}},"22":{"start":{"line":66,"column":8},"end":{"line":68,"column":null}},"23":{"start":{"line":67,"column":12},"end":{"line":67,"column":null}},"24":{"start":{"line":71,"column":23},"end":{"line":74,"column":null}},"25":{"start":{"line":75,"column":21},"end":{"line":75,"column":null}},"26":{"start":{"line":76,"column":8},"end":{"line":76,"column":null}},"27":{"start":{"line":78,"column":22},"end":{"line":78,"column":null}},"28":{"start":{"line":80,"column":8},"end":{"line":83,"column":null}},"29":{"start":{"line":85,"column":8},"end":{"line":85,"column":null}},"30":{"start":{"line":90,"column":21},"end":{"line":124,"column":null}},"31":{"start":{"line":91,"column":4},"end":{"line":123,"column":null}},"32":{"start":{"line":92,"column":36},"end":{"line":92,"column":null}},"33":{"start":{"line":94,"column":23},"end":{"line":97,"column":null}},"34":{"start":{"line":99,"column":8},"end":{"line":103,"column":null}},"35":{"start":{"line":100,"column":12},"end":{"line":102,"column":null}},"36":{"start":{"line":105,"column":21},"end":{"line":105,"column":null}},"37":{"start":{"line":106,"column":31},"end":{"line":106,"column":null}},"38":{"start":{"line":107,"column":8},"end":{"line":111,"column":null}},"39":{"start":{"line":108,"column":12},"end":{"line":110,"column":null}},"40":{"start":{"line":113,"column":22},"end":{"line":113,"column":null}},"41":{"start":{"line":115,"column":8},"end":{"line":118,"column":null}},"42":{"start":{"line":120,"column":8},"end":{"line":122,"column":null}},"43":{"start":{"line":127,"column":30},"end":{"line":165,"column":null}},"44":{"start":{"line":128,"column":4},"end":{"line":164,"column":null}},"45":{"start":{"line":129,"column":26},"end":{"line":129,"column":null}},"46":{"start":{"line":130,"column":8},"end":{"line":134,"column":null}},"47":{"start":{"line":131,"column":12},"end":{"line":133,"column":null}},"48":{"start":{"line":137,"column":23},"end":{"line":140,"column":null}},"49":{"start":{"line":141,"column":8},"end":{"line":144,"column":null}},"50":{"start":{"line":143,"column":12},"end":{"line":143,"column":null}},"51":{"start":{"line":147,"column":23},"end":{"line":147,"column":48}},"52":{"start":{"line":148,"column":8},"end":{"line":148,"column":null}},"53":{"start":{"line":150,"column":8},"end":{"line":154,"column":null}},"54":{"start":{"line":151,"column":12},"end":{"line":151,"column":null}},"55":{"start":{"line":153,"column":12},"end":{"line":153,"column":null}},"56":{"start":{"line":156,"column":8},"end":{"line":160,"column":null}},"57":{"start":{"line":162,"column":8},"end":{"line":162,"column":null}},"58":{"start":{"line":163,"column":8},"end":{"line":163,"column":null}},"59":{"start":{"line":168,"column":31},"end":{"line":188,"column":null}},"60":{"start":{"line":169,"column":4},"end":{"line":187,"column":null}},"61":{"start":{"line":170,"column":34},"end":{"line":170,"column":null}},"62":{"start":{"line":172,"column":22},"end":{"line":172,"column":null}},"63":{"start":{"line":173,"column":8},"end":{"line":175,"column":null}},"64":{"start":{"line":174,"column":12},"end":{"line":174,"column":null}},"65":{"start":{"line":176,"column":8},"end":{"line":179,"column":null}},"66":{"start":{"line":177,"column":12},"end":{"line":177,"column":null}},"67":{"start":{"line":178,"column":12},"end":{"line":178,"column":null}},"68":{"start":{"line":180,"column":8},"end":{"line":182,"column":null}},"69":{"start":{"line":181,"column":12},"end":{"line":181,"column":null}},"70":{"start":{"line":184,"column":8},"end":{"line":184,"column":null}},"71":{"start":{"line":186,"column":8},"end":{"line":186,"column":null}},"72":{"start":{"line":191,"column":29},"end":{"line":223,"column":null}},"73":{"start":{"line":192,"column":4},"end":{"line":222,"column":null}},"74":{"start":{"line":193,"column":49},"end":{"line":193,"column":null}},"75":{"start":{"line":195,"column":22},"end":{"line":195,"column":null}},"76":{"start":{"line":196,"column":8},"end":{"line":198,"column":null}},"77":{"start":{"line":197,"column":12},"end":{"line":197,"column":null}},"78":{"start":{"line":199,"column":8},"end":{"line":202,"column":null}},"79":{"start":{"line":200,"column":12},"end":{"line":200,"column":null}},"80":{"start":{"line":201,"column":12},"end":{"line":201,"column":null}},"81":{"start":{"line":203,"column":8},"end":{"line":205,"column":null}},"82":{"start":{"line":204,"column":12},"end":{"line":204,"column":null}},"83":{"start":{"line":206,"column":8},"end":{"line":208,"column":null}},"84":{"start":{"line":207,"column":12},"end":{"line":207,"column":null}},"85":{"start":{"line":210,"column":21},"end":{"line":210,"column":null}},"86":{"start":{"line":211,"column":8},"end":{"line":214,"column":null}},"87":{"start":{"line":216,"column":8},"end":{"line":216,"column":null}},"88":{"start":{"line":218,"column":8},"end":{"line":218,"column":null}},"89":{"start":{"line":220,"column":8},"end":{"line":220,"column":null}},"90":{"start":{"line":221,"column":8},"end":{"line":221,"column":null}}},"fnMap":{"0":{"name":"(anonymous_0)","decl":{"start":{"line":16,"column":24},"end":{"line":16,"column":31}},"loc":{"start":{"line":16,"column":63},"end":{"line":58,"column":null}},"line":16},"1":{"name":"(anonymous_1)","decl":{"start":{"line":61,"column":27},"end":{"line":61,"column":34}},"loc":{"start":{"line":61,"column":66},"end":{"line":87,"column":null}},"line":61},"2":{"name":"(anonymous_2)","decl":{"start":{"line":90,"column":21},"end":{"line":90,"column":28}},"loc":{"start":{"line":90,"column":60},"end":{"line":124,"column":null}},"line":90},"3":{"name":"(anonymous_3)","decl":{"start":{"line":127,"column":30},"end":{"line":127,"column":37}},"loc":{"start":{"line":127,"column":69},"end":{"line":165,"column":null}},"line":127},"4":{"name":"(anonymous_4)","decl":{"start":{"line":168,"column":31},"end":{"line":168,"column":38}},"loc":{"start":{"line":168,"column":70},"end":{"line":188,"column":null}},"line":168},"5":{"name":"(anonymous_5)","decl":{"start":{"line":191,"column":29},"end":{"line":191,"column":36}},"loc":{"start":{"line":191,"column":68},"end":{"line":223,"column":null}},"line":191}},"branchMap":{"0":{"loc":{"start":{"line":25,"column":8},"end":{"line":27,"column":null}},"type":"if","locations":[{"start":{"line":25,"column":8},"end":{"line":27,"column":null}},{"start":{},"end":{}}],"line":25},"1":{"loc":{"start":{"line":25,"column":12},"end":{"line":25,"column":52}},"type":"binary-expr","locations":[{"start":{"line":25,"column":12},"end":{"line":25,"column":31}},{"start":{"line":25,"column":31},"end":{"line":25,"column":52}}],"line":25},"2":{"loc":{"start":{"line":56,"column":64},"end":{"line":56,"column":119}},"type":"binary-expr","locations":[{"start":{"line":56,"column":64},"end":{"line":56,"column":89}},{"start":{"line":56,"column":89},"end":{"line":56,"column":119}}],"line":56},"3":{"loc":{"start":{"line":66,"column":8},"end":{"line":68,"column":null}},"type":"if","locations":[{"start":{"line":66,"column":8},"end":{"line":68,"column":null}},{"start":{},"end":{}}],"line":66},"4":{"loc":{"start":{"line":66,"column":12},"end":{"line":66,"column":58}},"type":"binary-expr","locations":[{"start":{"line":66,"column":12},"end":{"line":66,"column":31}},{"start":{"line":66,"column":31},"end":{"line":66,"column":58}}],"line":66},"5":{"loc":{"start":{"line":99,"column":8},"end":{"line":103,"column":null}},"type":"if","locations":[{"start":{"line":99,"column":8},"end":{"line":103,"column":null}},{"start":{},"end":{}}],"line":99},"6":{"loc":{"start":{"line":107,"column":8},"end":{"line":111,"column":null}},"type":"if","locations":[{"start":{"line":107,"column":8},"end":{"line":111,"column":null}},{"start":{},"end":{}}],"line":107},"7":{"loc":{"start":{"line":130,"column":8},"end":{"line":134,"column":null}},"type":"if","locations":[{"start":{"line":130,"column":8},"end":{"line":134,"column":null}},{"start":{},"end":{}}],"line":130},"8":{"loc":{"start":{"line":141,"column":8},"end":{"line":144,"column":null}},"type":"if","locations":[{"start":{"line":141,"column":8},"end":{"line":144,"column":null}},{"start":{},"end":{}}],"line":141},"9":{"loc":{"start":{"line":141,"column":12},"end":{"line":141,"column":55}},"type":"binary-expr","locations":[{"start":{"line":141,"column":12},"end":{"line":141,"column":32}},{"start":{"line":141,"column":32},"end":{"line":141,"column":55}}],"line":141},"10":{"loc":{"start":{"line":173,"column":8},"end":{"line":175,"column":null}},"type":"if","locations":[{"start":{"line":173,"column":8},"end":{"line":175,"column":null}},{"start":{},"end":{}}],"line":173},"11":{"loc":{"start":{"line":176,"column":8},"end":{"line":179,"column":null}},"type":"if","locations":[{"start":{"line":176,"column":8},"end":{"line":179,"column":null}},{"start":{},"end":{}}],"line":176},"12":{"loc":{"start":{"line":180,"column":8},"end":{"line":182,"column":null}},"type":"if","locations":[{"start":{"line":180,"column":8},"end":{"line":182,"column":null}},{"start":{},"end":{}}],"line":180},"13":{"loc":{"start":{"line":196,"column":8},"end":{"line":198,"column":null}},"type":"if","locations":[{"start":{"line":196,"column":8},"end":{"line":198,"column":null}},{"start":{},"end":{}}],"line":196},"14":{"loc":{"start":{"line":199,"column":8},"end":{"line":202,"column":null}},"type":"if","locations":[{"start":{"line":199,"column":8},"end":{"line":202,"column":null}},{"start":{},"end":{}}],"line":199},"15":{"loc":{"start":{"line":203,"column":8},"end":{"line":205,"column":null}},"type":"if","locations":[{"start":{"line":203,"column":8},"end":{"line":205,"column":null}},{"start":{},"end":{}}],"line":203},"16":{"loc":{"start":{"line":206,"column":8},"end":{"line":208,"column":null}},"type":"if","locations":[{"start":{"line":206,"column":8},"end":{"line":208,"column":null}},{"start":{},"end":{}}],"line":206},"17":{"loc":{"start":{"line":206,"column":12},"end":{"line":206,"column":56}},"type":"binary-expr","locations":[{"start":{"line":206,"column":12},"end":{"line":206,"column":30}},{"start":{"line":206,"column":30},"end":{"line":206,"column":56}}],"line":206}},"s":{"0":0,"1":0,"2":0,"3":0,"4":0,"5":0,"6":0,"7":0,"8":0,"9":0,"10":0,"11":0,"12":0,"13":0,"14":0,"15":0,"16":0,"17":0,"18":0,"19":0,"20":0,"21":0,"22":0,"23":0,"24":0,"25":0,"26":0,"27":0,"28":0,"29":0,"30":0,"31":0,"32":0,"33":0,"34":0,"35":0,"36":0,"37":0,"38":0,"39":0,"40":0,"41":0,"42":0,"43":0,"44":0,"45":0,"46":0,"47":0,"48":0,"49":0,"50":0,"51":0,"52":0,"53":0,"54":0,"55":0,"56":0,"57":0,"58":0,"59":0,"60":0,"61":0,"62":0,"63":0,"64":0,"65":0,"66":0,"67":0,"68":0,"69":0,"70":0,"71":0,"72":0,"73":0,"74":0,"75":0,"76":0,"77":0,"78":0,"79":0,"80":0,"81":0,"82":0,"83":0,"84":0,"85":0,"86":0,"87":0,"88":0,"89":0,"90":0},"f":{"0":0,"1":0,"2":0,"3":0,"4":0,"5":0},"b":{"0":[0,0],"1":[0,0],"2":[0,0],"3":[0,0],"4":[0,0],"5":[0,0],"6":[0,0],"7":[0,0],"8":[0,0],"9":[0,0],"10":[0,0],"11":[0,0],"12":[0,0],"13":[0,0],"14":[0,0],"15":[0,0],"16":[0,0],"17":[0,0]},"meta":{"lastBranch":18,"lastFunction":6,"lastStatement":91,"seen":{"s:12:26:12:Infinity":0,"s:13:19:13:Infinity":1,"s:16:24:58:Infinity":2,"f:16:24:16:31":0,"s:17:4:57:Infinity":3,"s:18:44:18:Infinity":4,"s:21:23:24:Infinity":5,"b:25:8:27:Infinity:undefined:undefined:undefined:undefined":0,"s:25:8:27:Infinity":6,"b:25:12:25:31:25:31:25:52":1,"s:26:12:26:Infinity":7,"s:30:21:30:Infinity":8,"s:31:23:36:Infinity":9,"s:39:23:39:48":10,"s:40:8:40:Infinity":11,"s:42:4:47:Infinity":12,"s:43:12:43:Infinity":13,"s:45:12:45:Infinity":14,"s:49:8:53:Infinity":15,"s:55:8:55:Infinity":16,"s:56:8:56:Infinity":17,"b:56:64:56:89:56:89:56:119":2,"s:61:27:87:Infinity":18,"f:61:27:61:34":1,"s:62:4:86:Infinity":19,"s:63:34:63:Infinity":20,"s:65:31:65:Infinity":21,"b:66:8:68:Infinity:undefined:undefined:undefined:undefined":3,"s:66:8:68:Infinity":22,"b:66:12:66:31:66:31:66:58":4,"s:67:12:67:Infinity":23,"s:71:23:74:Infinity":24,"s:75:21:75:Infinity":25,"s:76:8:76:Infinity":26,"s:78:22:78:Infinity":27,"s:80:8:83:Infinity":28,"s:85:8:85:Infinity":29,"s:90:21:124:Infinity":30,"f:90:21:90:28":2,"s:91:4:123:Infinity":31,"s:92:36:92:Infinity":32,"s:94:23:97:Infinity":33,"b:99:8:103:Infinity:undefined:undefined:undefined:undefined":5,"s:99:8:103:Infinity":34,"s:100:12:102:Infinity":35,"s:105:21:105:Infinity":36,"s:106:31:106:Infinity":37,"b:107:8:111:Infinity:undefined:undefined:undefined:undefined":6,"s:107:8:111:Infinity":38,"s:108:12:110:Infinity":39,"s:113:22:113:Infinity":40,"s:115:8:118:Infinity":41,"s:120:8:122:Infinity":42,"s:127:30:165:Infinity":43,"f:127:30:127:37":3,"s:128:4:164:Infinity":44,"s:129:26:129:Infinity":45,"b:130:8:134:Infinity:undefined:undefined:undefined:undefined":7,"s:130:8:134:Infinity":46,"s:131:12:133:Infinity":47,"s:137:23:140:Infinity":48,"b:141:8:144:Infinity:undefined:undefined:undefined:undefined":8,"s:141:8:144:Infinity":49,"b:141:12:141:32:141:32:141:55":9,"s:143:12:143:Infinity":50,"s:147:23:147:48":51,"s:148:8:148:Infinity":52,"s:150:8:154:Infinity":53,"s:151:12:151:Infinity":54,"s:153:12:153:Infinity":55,"s:156:8:160:Infinity":56,"s:162:8:162:Infinity":57,"s:163:8:163:Infinity":58,"s:168:31:188:Infinity":59,"f:168:31:168:38":4,"s:169:4:187:Infinity":60,"s:170:34:170:Infinity":61,"s:172:22:172:Infinity":62,"b:173:8:175:Infinity:undefined:undefined:undefined:undefined":10,"s:173:8:175:Infinity":63,"s:174:12:174:Infinity":64,"b:176:8:179:Infinity:undefined:undefined:undefined:undefined":11,"s:176:8:179:Infinity":65,"s:177:12:177:Infinity":66,"s:178:12:178:Infinity":67,"b:180:8:182:Infinity:undefined:undefined:undefined:undefined":12,"s:180:8:182:Infinity":68,"s:181:12:181:Infinity":69,"s:184:8:184:Infinity":70,"s:186:8:186:Infinity":71,"s:191:29:223:Infinity":72,"f:191:29:191:36":5,"s:192:4:222:Infinity":73,"s:193:49:193:Infinity":74,"s:195:22:195:Infinity":75,"b:196:8:198:Infinity:undefined:undefined:undefined:undefined":13,"s:196:8:198:Infinity":76,"s:197:12:197:Infinity":77,"b:199:8:202:Infinity:undefined:undefined:undefined:undefined":14,"s:199:8:202:Infinity":78,"s:200:12:200:Infinity":79,"s:201:12:201:Infinity":80,"b:203:8:205:Infinity:undefined:undefined:undefined:undefined":15,"s:203:8:205:Infinity":81,"s:204:12:204:Infinity":82,"b:206:8:208:Infinity:undefined:undefined:undefined:undefined":16,"s:206:8:208:Infinity":83,"b:206:12:206:30:206:30:206:56":17,"s:207:12:207:Infinity":84,"s:210:21:210:Infinity":85,"s:211:8:214:Infinity":86,"s:216:8:216:Infinity":87,"s:218:8:218:Infinity":88,"s:220:8:220:Infinity":89,"s:221:8:221:Infinity":90},"fnNames":{}}}
,"C:\\Users\\jairo\\OneDrive\\Documentos\\GitHub\\Pruebas_Athlos\\athlos-backend\\src\\controllers\\challenge.controller.ts": {"path":"C:\\Users\\jairo\\OneDrive\\Documentos\\GitHub\\Pruebas_Athlos\\athlos-backend\\src\\controllers\\challenge.controller.ts","statementMap":{"0":{"start":{"line":11,"column":29},"end":{"line":25,"column":null}},"1":{"start":{"line":12,"column":2},"end":{"line":24,"column":null}},"2":{"start":{"line":13,"column":23},"end":{"line":13,"column":null}},"3":{"start":{"line":14,"column":26},"end":{"line":14,"column":null}},"4":{"start":{"line":15,"column":29},"end":{"line":15,"column":null}},"5":{"start":{"line":17,"column":4},"end":{"line":20,"column":null}},"6":{"start":{"line":22,"column":4},"end":{"line":22,"column":null}},"7":{"start":{"line":23,"column":4},"end":{"line":23,"column":null}},"8":{"start":{"line":27,"column":37},"end":{"line":55,"column":null}},"9":{"start":{"line":28,"column":2},"end":{"line":54,"column":null}},"10":{"start":{"line":29,"column":24},"end":{"line":29,"column":null}},"11":{"start":{"line":30,"column":4},"end":{"line":32,"column":null}},"12":{"start":{"line":31,"column":6},"end":{"line":31,"column":null}},"13":{"start":{"line":34,"column":22},"end":{"line":34,"column":null}},"14":{"start":{"line":35,"column":4},"end":{"line":37,"column":null}},"15":{"start":{"line":36,"column":6},"end":{"line":36,"column":null}},"16":{"start":{"line":39,"column":26},"end":{"line":39,"column":null}},"17":{"start":{"line":40,"column":29},"end":{"line":40,"column":null}},"18":{"start":{"line":42,"column":4},"end":{"line":50,"column":null}},"19":{"start":{"line":52,"column":4},"end":{"line":52,"column":null}},"20":{"start":{"line":53,"column":4},"end":{"line":53,"column":null}},"21":{"start":{"line":57,"column":33},"end":{"line":85,"column":null}},"22":{"start":{"line":58,"column":2},"end":{"line":84,"column":null}},"23":{"start":{"line":59,"column":24},"end":{"line":59,"column":null}},"24":{"start":{"line":60,"column":4},"end":{"line":62,"column":null}},"25":{"start":{"line":61,"column":6},"end":{"line":61,"column":null}},"26":{"start":{"line":64,"column":20},"end":{"line":64,"column":null}},"27":{"start":{"line":65,"column":4},"end":{"line":67,"column":null}},"28":{"start":{"line":66,"column":6},"end":{"line":66,"column":null}},"29":{"start":{"line":69,"column":23},"end":{"line":69,"column":null}},"30":{"start":{"line":70,"column":4},"end":{"line":72,"column":null}},"31":{"start":{"line":71,"column":6},"end":{"line":71,"column":null}},"32":{"start":{"line":74,"column":26},"end":{"line":74,"column":null}},"33":{"start":{"line":75,"column":29},"end":{"line":75,"column":null}},"34":{"start":{"line":77,"column":4},"end":{"line":80,"column":null}},"35":{"start":{"line":82,"column":4},"end":{"line":82,"column":null}},"36":{"start":{"line":83,"column":4},"end":{"line":83,"column":null}}},"fnMap":{"0":{"name":"(anonymous_0)","decl":{"start":{"line":11,"column":29},"end":{"line":11,"column":36}},"loc":{"start":{"line":11,"column":68},"end":{"line":25,"column":null}},"line":11},"1":{"name":"(anonymous_1)","decl":{"start":{"line":27,"column":37},"end":{"line":27,"column":44}},"loc":{"start":{"line":27,"column":76},"end":{"line":55,"column":null}},"line":27},"2":{"name":"(anonymous_2)","decl":{"start":{"line":57,"column":33},"end":{"line":57,"column":40}},"loc":{"start":{"line":57,"column":72},"end":{"line":85,"column":null}},"line":57}},"branchMap":{"0":{"loc":{"start":{"line":30,"column":4},"end":{"line":32,"column":null}},"type":"if","locations":[{"start":{"line":30,"column":4},"end":{"line":32,"column":null}},{"start":{},"end":{}}],"line":30},"1":{"loc":{"start":{"line":30,"column":8},"end":{"line":30,"column":60}},"type":"binary-expr","locations":[{"start":{"line":30,"column":8},"end":{"line":30,"column":42}},{"start":{"line":30,"column":42},"end":{"line":30,"column":60}}],"line":30},"2":{"loc":{"start":{"line":35,"column":4},"end":{"line":37,"column":null}},"type":"if","locations":[{"start":{"line":35,"column":4},"end":{"line":37,"column":null}},{"start":{},"end":{}}],"line":35},"3":{"loc":{"start":{"line":60,"column":4},"end":{"line":62,"column":null}},"type":"if","locations":[{"start":{"line":60,"column":4},"end":{"line":62,"column":null}},{"start":{},"end":{}}],"line":60},"4":{"loc":{"start":{"line":60,"column":8},"end":{"line":60,"column":60}},"type":"binary-expr","locations":[{"start":{"line":60,"column":8},"end":{"line":60,"column":42}},{"start":{"line":60,"column":42},"end":{"line":60,"column":60}}],"line":60},"5":{"loc":{"start":{"line":65,"column":4},"end":{"line":67,"column":null}},"type":"if","locations":[{"start":{"line":65,"column":4},"end":{"line":67,"column":null}},{"start":{},"end":{}}],"line":65},"6":{"loc":{"start":{"line":70,"column":4},"end":{"line":72,"column":null}},"type":"if","locations":[{"start":{"line":70,"column":4},"end":{"line":72,"column":null}},{"start":{},"end":{}}],"line":70}},"s":{"0":0,"1":0,"2":0,"3":0,"4":0,"5":0,"6":0,"7":0,"8":0,"9":0,"10":0,"11":0,"12":0,"13":0,"14":0,"15":0,"16":0,"17":0,"18":0,"19":0,"20":0,"21":0,"22":0,"23":0,"24":0,"25":0,"26":0,"27":0,"28":0,"29":0,"30":0,"31":0,"32":0,"33":0,"34":0,"35":0,"36":0},"f":{"0":0,"1":0,"2":0},"b":{"0":[0,0],"1":[0,0],"2":[0,0],"3":[0,0],"4":[0,0],"5":[0,0],"6":[0,0]},"meta":{"lastBranch":7,"lastFunction":3,"lastStatement":37,"seen":{"s:11:29:25:Infinity":0,"f:11:29:11:36":0,"s:12:2:24:Infinity":1,"s:13:23:13:Infinity":2,"s:14:26:14:Infinity":3,"s:15:29:15:Infinity":4,"s:17:4:20:Infinity":5,"s:22:4:22:Infinity":6,"s:23:4:23:Infinity":7,"s:27:37:55:Infinity":8,"f:27:37:27:44":1,"s:28:2:54:Infinity":9,"s:29:24:29:Infinity":10,"b:30:4:32:Infinity:undefined:undefined:undefined:undefined":0,"s:30:4:32:Infinity":11,"b:30:8:30:42:30:42:30:60":1,"s:31:6:31:Infinity":12,"s:34:22:34:Infinity":13,"b:35:4:37:Infinity:undefined:undefined:undefined:undefined":2,"s:35:4:37:Infinity":14,"s:36:6:36:Infinity":15,"s:39:26:39:Infinity":16,"s:40:29:40:Infinity":17,"s:42:4:50:Infinity":18,"s:52:4:52:Infinity":19,"s:53:4:53:Infinity":20,"s:57:33:85:Infinity":21,"f:57:33:57:40":2,"s:58:2:84:Infinity":22,"s:59:24:59:Infinity":23,"b:60:4:62:Infinity:undefined:undefined:undefined:undefined":3,"s:60:4:62:Infinity":24,"b:60:8:60:42:60:42:60:60":4,"s:61:6:61:Infinity":25,"s:64:20:64:Infinity":26,"b:65:4:67:Infinity:undefined:undefined:undefined:undefined":5,"s:65:4:67:Infinity":27,"s:66:6:66:Infinity":28,"s:69:23:69:Infinity":29,"b:70:4:72:Infinity:undefined:undefined:undefined:undefined":6,"s:70:4:72:Infinity":30,"s:71:6:71:Infinity":31,"s:74:26:74:Infinity":32,"s:75:29:75:Infinity":33,"s:77:4:80:Infinity":34,"s:82:4:82:Infinity":35,"s:83:4:83:Infinity":36},"fnNames":{}}}
,"C:\\Users\\jairo\\OneDrive\\Documentos\\GitHub\\Pruebas_Athlos\\athlos-backend\\src\\controllers\\chat.controller.ts": {"path":"C:\\Users\\jairo\\OneDrive\\Documentos\\GitHub\\Pruebas_Athlos\\athlos-backend\\src\\controllers\\chat.controller.ts","statementMap":{"0":{"start":{"line":14,"column":2},"end":{"line":14,"column":null}},"1":{"start":{"line":17,"column":2},"end":{"line":19,"column":null}},"2":{"start":{"line":21,"column":6},"end":{"line":33,"column":null}},"3":{"start":{"line":22,"column":26},"end":{"line":22,"column":null}},"4":{"start":{"line":26,"column":2},"end":{"line":31,"column":null}},"5":{"start":{"line":35,"column":6},"end":{"line":69,"column":null}},"6":{"start":{"line":39,"column":18},"end":{"line":46,"column":null}},"7":{"start":{"line":41,"column":6},"end":{"line":44,"column":null}},"8":{"start":{"line":48,"column":2},"end":{"line":60,"column":null}},"9":{"start":{"line":71,"column":18},"end":{"line":125,"column":null}},"10":{"start":{"line":76,"column":17},"end":{"line":76,"column":null}},"11":{"start":{"line":78,"column":2},"end":{"line":80,"column":null}},"12":{"start":{"line":79,"column":4},"end":{"line":79,"column":null}},"13":{"start":{"line":82,"column":19},"end":{"line":91,"column":null}},"14":{"start":{"line":83,"column":33},"end":{"line":86,"column":6}},"15":{"start":{"line":93,"column":19},"end":{"line":106,"column":null}},"16":{"start":{"line":108,"column":2},"end":{"line":111,"column":null}},"17":{"start":{"line":109,"column":22},"end":{"line":109,"column":null}},"18":{"start":{"line":110,"column":4},"end":{"line":110,"column":null}},"19":{"start":{"line":113,"column":16},"end":{"line":113,"column":null}},"20":{"start":{"line":121,"column":2},"end":{"line":123,"column":null}},"21":{"start":{"line":127,"column":26},"end":{"line":152,"column":null}},"22":{"start":{"line":128,"column":2},"end":{"line":151,"column":null}},"23":{"start":{"line":129,"column":19},"end":{"line":129,"column":null}},"24":{"start":{"line":131,"column":4},"end":{"line":136,"column":null}},"25":{"start":{"line":132,"column":6},"end":{"line":135,"column":null}},"26":{"start":{"line":138,"column":21},"end":{"line":138,"column":null}},"27":{"start":{"line":140,"column":4},"end":{"line":143,"column":null}},"28":{"start":{"line":145,"column":4},"end":{"line":145,"column":null}},"29":{"start":{"line":147,"column":4},"end":{"line":150,"column":null}},"30":{"start":{"line":154,"column":27},"end":{"line":218,"column":null}},"31":{"start":{"line":155,"column":2},"end":{"line":217,"column":null}},"32":{"start":{"line":156,"column":19},"end":{"line":156,"column":null}},"33":{"start":{"line":157,"column":20},"end":{"line":157,"column":null}},"34":{"start":{"line":159,"column":4},"end":{"line":164,"column":null}},"35":{"start":{"line":160,"column":6},"end":{"line":163,"column":null}},"36":{"start":{"line":166,"column":4},"end":{"line":171,"column":null}},"37":{"start":{"line":167,"column":6},"end":{"line":170,"column":null}},"38":{"start":{"line":174,"column":39},"end":{"line":178,"column":null}},"39":{"start":{"line":180,"column":22},"end":{"line":184,"column":null}},"40":{"start":{"line":186,"column":16},"end":{"line":186,"column":null}},"41":{"start":{"line":187,"column":42},"end":{"line":191,"column":null}},"42":{"start":{"line":194,"column":4},"end":{"line":194,"column":null}},"43":{"start":{"line":196,"column":4},"end":{"line":204,"column":null}},"44":{"start":{"line":206,"column":4},"end":{"line":206,"column":null}},"45":{"start":{"line":209,"column":6},"end":{"line":211,"column":null}},"46":{"start":{"line":213,"column":4},"end":{"line":216,"column":null}},"47":{"start":{"line":220,"column":28},"end":{"line":246,"column":null}},"48":{"start":{"line":221,"column":2},"end":{"line":245,"column":null}},"49":{"start":{"line":222,"column":19},"end":{"line":222,"column":null}},"50":{"start":{"line":224,"column":4},"end":{"line":229,"column":null}},"51":{"start":{"line":225,"column":6},"end":{"line":228,"column":null}},"52":{"start":{"line":231,"column":17},"end":{"line":231,"column":null}},"53":{"start":{"line":233,"column":4},"end":{"line":237,"column":null}},"54":{"start":{"line":239,"column":4},"end":{"line":239,"column":null}},"55":{"start":{"line":241,"column":4},"end":{"line":244,"column":null}}},"fnMap":{"0":{"name":"(anonymous_0)","decl":{"start":{"line":21,"column":6},"end":{"line":21,"column":32}},"loc":{"start":{"line":21,"column":64},"end":{"line":33,"column":null}},"line":21},"1":{"name":"(anonymous_1)","decl":{"start":{"line":35,"column":6},"end":{"line":35,"column":null}},"loc":{"start":{"line":38,"column":13},"end":{"line":69,"column":null}},"line":38},"2":{"name":"(anonymous_2)","decl":{"start":{"line":40,"column":5},"end":{"line":40,"column":10}},"loc":{"start":{"line":40,"column":23},"end":{"line":45,"column":5}},"line":40},"3":{"name":"(anonymous_3)","decl":{"start":{"line":71,"column":18},"end":{"line":71,"column":null}},"loc":{"start":{"line":75,"column":22},"end":{"line":125,"column":null}},"line":75},"4":{"name":"(anonymous_4)","decl":{"start":{"line":83,"column":15},"end":{"line":83,"column":20}},"loc":{"start":{"line":83,"column":33},"end":{"line":86,"column":6}},"line":83},"5":{"name":"(anonymous_5)","decl":{"start":{"line":127,"column":26},"end":{"line":127,"column":33}},"loc":{"start":{"line":127,"column":65},"end":{"line":152,"column":null}},"line":127},"6":{"name":"(anonymous_6)","decl":{"start":{"line":154,"column":27},"end":{"line":154,"column":34}},"loc":{"start":{"line":154,"column":66},"end":{"line":218,"column":null}},"line":154},"7":{"name":"(anonymous_7)","decl":{"start":{"line":220,"column":28},"end":{"line":220,"column":35}},"loc":{"start":{"line":220,"column":67},"end":{"line":246,"column":null}},"line":220}},"branchMap":{"0":{"loc":{"start":{"line":27,"column":4},"end":{"line":31,"column":null}},"type":"binary-expr","locations":[{"start":{"line":27,"column":4},"end":{"line":27,"column":null}},{"start":{"line":28,"column":4},"end":{"line":28,"column":null}},{"start":{"line":29,"column":4},"end":{"line":29,"column":null}},{"start":{"line":30,"column":4},"end":{"line":30,"column":null}},{"start":{"line":31,"column":4},"end":{"line":31,"column":null}}],"line":27},"1":{"loc":{"start":{"line":43,"column":24},"end":{"line":43,"column":null}},"type":"binary-expr","locations":[{"start":{"line":43,"column":24},"end":{"line":43,"column":48}},{"start":{"line":43,"column":48},"end":{"line":43,"column":null}}],"line":43},"2":{"loc":{"start":{"line":51,"column":16},"end":{"line":51,"column":null}},"type":"binary-expr","locations":[{"start":{"line":51,"column":16},"end":{"line":51,"column":34}},{"start":{"line":51,"column":34},"end":{"line":51,"column":null}}],"line":51},"3":{"loc":{"start":{"line":52,"column":12},"end":{"line":52,"column":null}},"type":"binary-expr","locations":[{"start":{"line":52,"column":12},"end":{"line":52,"column":27}},{"start":{"line":52,"column":27},"end":{"line":52,"column":null}}],"line":52},"4":{"loc":{"start":{"line":53,"column":11},"end":{"line":53,"column":null}},"type":"binary-expr","locations":[{"start":{"line":53,"column":11},"end":{"line":53,"column":25}},{"start":{"line":53,"column":25},"end":{"line":53,"column":null}}],"line":53},"5":{"loc":{"start":{"line":54,"column":10},"end":{"line":54,"column":null}},"type":"cond-expr","locations":[{"start":{"line":54,"column":22},"end":{"line":54,"column":42}},{"start":{"line":54,"column":42},"end":{"line":54,"column":null}}],"line":54},"6":{"loc":{"start":{"line":55,"column":11},"end":{"line":55,"column":null}},"type":"cond-expr","locations":[{"start":{"line":55,"column":24},"end":{"line":55,"column":45}},{"start":{"line":55,"column":45},"end":{"line":55,"column":null}}],"line":55},"7":{"loc":{"start":{"line":56,"column":10},"end":{"line":56,"column":null}},"type":"cond-expr","locations":[{"start":{"line":56,"column":22},"end":{"line":56,"column":44}},{"start":{"line":56,"column":44},"end":{"line":56,"column":null}}],"line":56},"8":{"loc":{"start":{"line":57,"column":13},"end":{"line":57,"column":null}},"type":"binary-expr","locations":[{"start":{"line":57,"column":13},"end":{"line":57,"column":29}},{"start":{"line":57,"column":29},"end":{"line":57,"column":null}}],"line":57},"9":{"loc":{"start":{"line":60,"column":2},"end":{"line":60,"column":null}},"type":"binary-expr","locations":[{"start":{"line":60,"column":2},"end":{"line":60,"column":13}},{"start":{"line":60,"column":13},"end":{"line":60,"column":null}}],"line":60},"10":{"loc":{"start":{"line":78,"column":2},"end":{"line":80,"column":null}},"type":"if","locations":[{"start":{"line":78,"column":2},"end":{"line":80,"column":null}},{"start":{},"end":{}}],"line":78},"11":{"loc":{"start":{"line":78,"column":6},"end":{"line":78,"column":47}},"type":"binary-expr","locations":[{"start":{"line":78,"column":6},"end":{"line":78,"column":17}},{"start":{"line":78,"column":17},"end":{"line":78,"column":47}}],"line":78},"12":{"loc":{"start":{"line":84,"column":12},"end":{"line":84,"column":null}},"type":"cond-expr","locations":[{"start":{"line":84,"column":40},"end":{"line":84,"column":49}},{"start":{"line":84,"column":49},"end":{"line":84,"column":null}}],"line":84},"13":{"loc":{"start":{"line":108,"column":2},"end":{"line":111,"column":null}},"type":"if","locations":[{"start":{"line":108,"column":2},"end":{"line":111,"column":null}},{"start":{},"end":{}}],"line":108},"14":{"loc":{"start":{"line":122,"column":4},"end":{"line":123,"column":null}},"type":"binary-expr","locations":[{"start":{"line":122,"column":4},"end":{"line":122,"column":null}},{"start":{"line":123,"column":4},"end":{"line":123,"column":null}}],"line":122},"15":{"loc":{"start":{"line":131,"column":4},"end":{"line":136,"column":null}},"type":"if","locations":[{"start":{"line":131,"column":4},"end":{"line":136,"column":null}},{"start":{},"end":{}}],"line":131},"16":{"loc":{"start":{"line":157,"column":27},"end":{"line":157,"column":71}},"type":"binary-expr","locations":[{"start":{"line":157,"column":27},"end":{"line":157,"column":48}},{"start":{"line":157,"column":48},"end":{"line":157,"column":69}},{"start":{"line":157,"column":69},"end":{"line":157,"column":71}}],"line":157},"17":{"loc":{"start":{"line":159,"column":4},"end":{"line":164,"column":null}},"type":"if","locations":[{"start":{"line":159,"column":4},"end":{"line":164,"column":null}},{"start":{},"end":{}}],"line":159},"18":{"loc":{"start":{"line":166,"column":4},"end":{"line":171,"column":null}},"type":"if","locations":[{"start":{"line":166,"column":4},"end":{"line":171,"column":null}},{"start":{},"end":{}}],"line":166},"19":{"loc":{"start":{"line":209,"column":6},"end":{"line":211,"column":null}},"type":"cond-expr","locations":[{"start":{"line":210,"column":10},"end":{"line":210,"column":null}},{"start":{"line":211,"column":10},"end":{"line":211,"column":null}}],"line":209},"20":{"loc":{"start":{"line":209,"column":6},"end":{"line":209,"column":null}},"type":"binary-expr","locations":[{"start":{"line":209,"column":6},"end":{"line":209,"column":32}},{"start":{"line":209,"column":32},"end":{"line":209,"column":null}}],"line":209},"21":{"loc":{"start":{"line":224,"column":4},"end":{"line":229,"column":null}},"type":"if","locations":[{"start":{"line":224,"column":4},"end":{"line":229,"column":null}},{"start":{},"end":{}}],"line":224}},"s":{"0":0,"1":0,"2":0,"3":0,"4":0,"5":0,"6":0,"7":0,"8":0,"9":0,"10":0,"11":0,"12":0,"13":0,"14":0,"15":0,"16":0,"17":0,"18":0,"19":0,"20":0,"21":0,"22":0,"23":0,"24":0,"25":0,"26":0,"27":0,"28":0,"29":0,"30":0,"31":0,"32":0,"33":0,"34":0,"35":0,"36":0,"37":0,"38":0,"39":0,"40":0,"41":0,"42":0,"43":0,"44":0,"45":0,"46":0,"47":0,"48":0,"49":0,"50":0,"51":0,"52":0,"53":0,"54":0,"55":0},"f":{"0":0,"1":0,"2":0,"3":0,"4":0,"5":0,"6":0,"7":0},"b":{"0":[0,0,0,0,0],"1":[0,0],"2":[0,0],"3":[0,0],"4":[0,0],"5":[0,0],"6":[0,0],"7":[0,0],"8":[0,0],"9":[0,0],"10":[0,0],"11":[0,0],"12":[0,0],"13":[0,0],"14":[0,0],"15":[0,0],"16":[0,0,0],"17":[0,0],"18":[0,0],"19":[0,0],"20":[0,0],"21":[0,0]},"meta":{"lastBranch":22,"lastFunction":8,"lastStatement":56,"seen":{"s:14:2:14:Infinity":0,"s:17:2:19:Infinity":1,"s:21:6:33:Infinity":2,"f:21:6:21:32":0,"s:22:26:22:Infinity":3,"s:26:2:31:Infinity":4,"b:27:4:27:Infinity:28:4:28:Infinity:29:4:29:Infinity:30:4:30:Infinity:31:4:31:Infinity":0,"s:35:6:69:Infinity":5,"f:35:6:35:Infinity":1,"s:39:18:46:Infinity":6,"f:40:5:40:10":2,"s:41:6:44:Infinity":7,"b:43:24:43:48:43:48:43:Infinity":1,"s:48:2:60:Infinity":8,"b:51:16:51:34:51:34:51:Infinity":2,"b:52:12:52:27:52:27:52:Infinity":3,"b:53:11:53:25:53:25:53:Infinity":4,"b:54:22:54:42:54:42:54:Infinity":5,"b:55:24:55:45:55:45:55:Infinity":6,"b:56:22:56:44:56:44:56:Infinity":7,"b:57:13:57:29:57:29:57:Infinity":8,"b:60:2:60:13:60:13:60:Infinity":9,"s:71:18:125:Infinity":9,"f:71:18:71:Infinity":3,"s:76:17:76:Infinity":10,"b:78:2:80:Infinity:undefined:undefined:undefined:undefined":10,"s:78:2:80:Infinity":11,"b:78:6:78:17:78:17:78:47":11,"s:79:4:79:Infinity":12,"s:82:19:91:Infinity":13,"f:83:15:83:20":4,"s:83:33:86:6":14,"b:84:40:84:49:84:49:84:Infinity":12,"s:93:19:106:Infinity":15,"b:108:2:111:Infinity:undefined:undefined:undefined:undefined":13,"s:108:2:111:Infinity":16,"s:109:22:109:Infinity":17,"s:110:4:110:Infinity":18,"s:113:16:113:Infinity":19,"s:121:2:123:Infinity":20,"b:122:4:122:Infinity:123:4:123:Infinity":14,"s:127:26:152:Infinity":21,"f:127:26:127:33":5,"s:128:2:151:Infinity":22,"s:129:19:129:Infinity":23,"b:131:4:136:Infinity:undefined:undefined:undefined:undefined":15,"s:131:4:136:Infinity":24,"s:132:6:135:Infinity":25,"s:138:21:138:Infinity":26,"s:140:4:143:Infinity":27,"s:145:4:145:Infinity":28,"s:147:4:150:Infinity":29,"s:154:27:218:Infinity":30,"f:154:27:154:34":6,"s:155:2:217:Infinity":31,"s:156:19:156:Infinity":32,"s:157:20:157:Infinity":33,"b:157:27:157:48:157:48:157:69:157:69:157:71":16,"b:159:4:164:Infinity:undefined:undefined:undefined:undefined":17,"s:159:4:164:Infinity":34,"s:160:6:163:Infinity":35,"b:166:4:171:Infinity:undefined:undefined:undefined:undefined":18,"s:166:4:171:Infinity":36,"s:167:6:170:Infinity":37,"s:174:39:178:Infinity":38,"s:180:22:184:Infinity":39,"s:186:16:186:Infinity":40,"s:187:42:191:Infinity":41,"s:194:4:194:Infinity":42,"s:196:4:204:Infinity":43,"s:206:4:206:Infinity":44,"s:209:6:211:Infinity":45,"b:210:10:210:Infinity:211:10:211:Infinity":19,"b:209:6:209:32:209:32:209:Infinity":20,"s:213:4:216:Infinity":46,"s:220:28:246:Infinity":47,"f:220:28:220:35":7,"s:221:2:245:Infinity":48,"s:222:19:222:Infinity":49,"b:224:4:229:Infinity:undefined:undefined:undefined:undefined":21,"s:224:4:229:Infinity":50,"s:225:6:228:Infinity":51,"s:231:17:231:Infinity":52,"s:233:4:237:Infinity":53,"s:239:4:239:Infinity":54,"s:241:4:244:Infinity":55},"fnNames":{}}}
,"C:\\Users\\jairo\\OneDrive\\Documentos\\GitHub\\Pruebas_Athlos\\athlos-backend\\src\\controllers\\exercise.controller.ts": {"path":"C:\\Users\\jairo\\OneDrive\\Documentos\\GitHub\\Pruebas_Athlos\\athlos-backend\\src\\controllers\\exercise.controller.ts","statementMap":{"0":{"start":{"line":4,"column":22},"end":{"line":19,"column":null}},"1":{"start":{"line":5,"column":4},"end":{"line":18,"column":null}},"2":{"start":{"line":6,"column":23},"end":{"line":6,"column":44}},"3":{"start":{"line":7,"column":8},"end":{"line":10,"column":null}},"4":{"start":{"line":13,"column":8},"end":{"line":13,"column":null}},"5":{"start":{"line":14,"column":8},"end":{"line":17,"column":null}},"6":{"start":{"line":21,"column":25},"end":{"line":45,"column":null}},"7":{"start":{"line":22,"column":15},"end":{"line":22,"column":null}},"8":{"start":{"line":24,"column":4},"end":{"line":44,"column":null}},"9":{"start":{"line":25,"column":23},"end":{"line":25,"column":null}},"10":{"start":{"line":26,"column":8},"end":{"line":32,"column":null}},"11":{"start":{"line":27,"column":12},"end":{"line":30,"column":null}},"12":{"start":{"line":31,"column":12},"end":{"line":31,"column":null}},"13":{"start":{"line":33,"column":8},"end":{"line":36,"column":null}},"14":{"start":{"line":39,"column":8},"end":{"line":39,"column":null}},"15":{"start":{"line":40,"column":8},"end":{"line":43,"column":null}}},"fnMap":{"0":{"name":"(anonymous_0)","decl":{"start":{"line":4,"column":22},"end":{"line":4,"column":28}},"loc":{"start":{"line":4,"column":76},"end":{"line":19,"column":null}},"line":4},"1":{"name":"(anonymous_1)","decl":{"start":{"line":21,"column":25},"end":{"line":21,"column":31}},"loc":{"start":{"line":21,"column":78},"end":{"line":45,"column":null}},"line":21}},"branchMap":{"0":{"loc":{"start":{"line":26,"column":8},"end":{"line":32,"column":null}},"type":"if","locations":[{"start":{"line":26,"column":8},"end":{"line":32,"column":null}},{"start":{},"end":{}}],"line":26}},"s":{"0":0,"1":0,"2":0,"3":0,"4":0,"5":0,"6":0,"7":0,"8":0,"9":0,"10":0,"11":0,"12":0,"13":0,"14":0,"15":0},"f":{"0":0,"1":0},"b":{"0":[0,0]},"meta":{"lastBranch":1,"lastFunction":2,"lastStatement":16,"seen":{"s:4:22:19:Infinity":0,"f:4:22:4:28":0,"s:5:4:18:Infinity":1,"s:6:23:6:44":2,"s:7:8:10:Infinity":3,"s:13:8:13:Infinity":4,"s:14:8:17:Infinity":5,"s:21:25:45:Infinity":6,"f:21:25:21:31":1,"s:22:15:22:Infinity":7,"s:24:4:44:Infinity":8,"s:25:23:25:Infinity":9,"b:26:8:32:Infinity:undefined:undefined:undefined:undefined":0,"s:26:8:32:Infinity":10,"s:27:12:30:Infinity":11,"s:31:12:31:Infinity":12,"s:33:8:36:Infinity":13,"s:39:8:39:Infinity":14,"s:40:8:43:Infinity":15},"fnNames":{}}}
,"C:\\Users\\jairo\\OneDrive\\Documentos\\GitHub\\Pruebas_Athlos\\athlos-backend\\src\\controllers\\plan.controller.ts": {"path":"C:\\Users\\jairo\\OneDrive\\Documentos\\GitHub\\Pruebas_Athlos\\athlos-backend\\src\\controllers\\plan.controller.ts","statementMap":{"0":{"start":{"line":10,"column":24},"end":{"line":18,"column":null}},"1":{"start":{"line":11,"column":2},"end":{"line":17,"column":null}},"2":{"start":{"line":12,"column":18},"end":{"line":12,"column":null}},"3":{"start":{"line":13,"column":4},"end":{"line":13,"column":null}},"4":{"start":{"line":15,"column":4},"end":{"line":15,"column":null}},"5":{"start":{"line":16,"column":4},"end":{"line":16,"column":null}},"6":{"start":{"line":20,"column":23},"end":{"line":33,"column":null}},"7":{"start":{"line":21,"column":2},"end":{"line":32,"column":null}},"8":{"start":{"line":22,"column":19},"end":{"line":22,"column":null}},"9":{"start":{"line":23,"column":4},"end":{"line":25,"column":null}},"10":{"start":{"line":24,"column":6},"end":{"line":24,"column":null}},"11":{"start":{"line":26,"column":17},"end":{"line":26,"column":null}},"12":{"start":{"line":27,"column":4},"end":{"line":27,"column":null}},"13":{"start":{"line":27,"column":15},"end":{"line":27,"column":null}},"14":{"start":{"line":28,"column":4},"end":{"line":28,"column":null}},"15":{"start":{"line":30,"column":4},"end":{"line":30,"column":null}},"16":{"start":{"line":31,"column":4},"end":{"line":31,"column":null}},"17":{"start":{"line":35,"column":27},"end":{"line":60,"column":null}},"18":{"start":{"line":36,"column":2},"end":{"line":59,"column":null}},"19":{"start":{"line":37,"column":23},"end":{"line":37,"column":null}},"20":{"start":{"line":38,"column":4},"end":{"line":40,"column":null}},"21":{"start":{"line":39,"column":6},"end":{"line":39,"column":null}},"22":{"start":{"line":42,"column":20},"end":{"line":42,"column":null}},"23":{"start":{"line":43,"column":4},"end":{"line":49,"column":null}},"24":{"start":{"line":46,"column":31},"end":{"line":46,"column":71}},"25":{"start":{"line":48,"column":6},"end":{"line":48,"column":null}},"26":{"start":{"line":51,"column":27},"end":{"line":51,"column":null}},"27":{"start":{"line":52,"column":4},"end":{"line":52,"column":null}},"28":{"start":{"line":54,"column":4},"end":{"line":56,"column":null}},"29":{"start":{"line":55,"column":6},"end":{"line":55,"column":null}},"30":{"start":{"line":57,"column":4},"end":{"line":57,"column":null}},"31":{"start":{"line":58,"column":4},"end":{"line":58,"column":null}},"32":{"start":{"line":62,"column":28},"end":{"line":114,"column":null}},"33":{"start":{"line":63,"column":2},"end":{"line":113,"column":null}},"34":{"start":{"line":65,"column":19},"end":{"line":65,"column":null}},"35":{"start":{"line":67,"column":4},"end":{"line":72,"column":null}},"36":{"start":{"line":68,"column":6},"end":{"line":71,"column":null}},"37":{"start":{"line":74,"column":24},"end":{"line":74,"column":null}},"38":{"start":{"line":75,"column":30},"end":{"line":75,"column":null}},"39":{"start":{"line":76,"column":4},"end":{"line":87,"column":null}},"40":{"start":{"line":81,"column":38},"end":{"line":81,"column":64}},"41":{"start":{"line":83,"column":6},"end":{"line":86,"column":null}},"42":{"start":{"line":89,"column":26},"end":{"line":89,"column":null}},"43":{"start":{"line":89,"column":54},"end":{"line":89,"column":85}},"44":{"start":{"line":91,"column":4},"end":{"line":91,"column":null}},"45":{"start":{"line":94,"column":22},"end":{"line":94,"column":null}},"46":{"start":{"line":97,"column":4},"end":{"line":97,"column":null}},"47":{"start":{"line":99,"column":4},"end":{"line":99,"column":null}},"48":{"start":{"line":100,"column":4},"end":{"line":100,"column":null}},"49":{"start":{"line":101,"column":4},"end":{"line":108,"column":null}},"50":{"start":{"line":102,"column":6},"end":{"line":107,"column":null}},"51":{"start":{"line":109,"column":4},"end":{"line":112,"column":null}}},"fnMap":{"0":{"name":"(anonymous_0)","decl":{"start":{"line":10,"column":24},"end":{"line":10,"column":31}},"loc":{"start":{"line":10,"column":63},"end":{"line":18,"column":null}},"line":10},"1":{"name":"(anonymous_1)","decl":{"start":{"line":20,"column":23},"end":{"line":20,"column":30}},"loc":{"start":{"line":20,"column":62},"end":{"line":33,"column":null}},"line":20},"2":{"name":"(anonymous_2)","decl":{"start":{"line":35,"column":27},"end":{"line":35,"column":34}},"loc":{"start":{"line":35,"column":66},"end":{"line":60,"column":null}},"line":35},"3":{"name":"(anonymous_3)","decl":{"start":{"line":46,"column":14},"end":{"line":46,"column":20}},"loc":{"start":{"line":46,"column":31},"end":{"line":46,"column":71}},"line":46},"4":{"name":"(anonymous_4)","decl":{"start":{"line":62,"column":28},"end":{"line":62,"column":35}},"loc":{"start":{"line":62,"column":67},"end":{"line":114,"column":null}},"line":62},"5":{"name":"(anonymous_5)","decl":{"start":{"line":81,"column":24},"end":{"line":81,"column":30}},"loc":{"start":{"line":81,"column":38},"end":{"line":81,"column":64}},"line":81},"6":{"name":"(anonymous_6)","decl":{"start":{"line":89,"column":38},"end":{"line":89,"column":46}},"loc":{"start":{"line":89,"column":54},"end":{"line":89,"column":85}},"line":89}},"branchMap":{"0":{"loc":{"start":{"line":23,"column":4},"end":{"line":25,"column":null}},"type":"if","locations":[{"start":{"line":23,"column":4},"end":{"line":25,"column":null}},{"start":{},"end":{}}],"line":23},"1":{"loc":{"start":{"line":23,"column":8},"end":{"line":23,"column":50}},"type":"binary-expr","locations":[{"start":{"line":23,"column":8},"end":{"line":23,"column":37}},{"start":{"line":23,"column":37},"end":{"line":23,"column":50}}],"line":23},"2":{"loc":{"start":{"line":27,"column":4},"end":{"line":27,"column":null}},"type":"if","locations":[{"start":{"line":27,"column":4},"end":{"line":27,"column":null}},{"start":{},"end":{}}],"line":27},"3":{"loc":{"start":{"line":38,"column":4},"end":{"line":40,"column":null}},"type":"if","locations":[{"start":{"line":38,"column":4},"end":{"line":40,"column":null}},{"start":{},"end":{}}],"line":38},"4":{"loc":{"start":{"line":43,"column":4},"end":{"line":49,"column":null}},"type":"if","locations":[{"start":{"line":43,"column":4},"end":{"line":49,"column":null}},{"start":{},"end":{}}],"line":43},"5":{"loc":{"start":{"line":44,"column":6},"end":{"line":46,"column":null}},"type":"binary-expr","locations":[{"start":{"line":44,"column":6},"end":{"line":44,"column":null}},{"start":{"line":45,"column":6},"end":{"line":45,"column":null}},{"start":{"line":46,"column":6},"end":{"line":46,"column":null}}],"line":44},"6":{"loc":{"start":{"line":46,"column":31},"end":{"line":46,"column":71}},"type":"binary-expr","locations":[{"start":{"line":46,"column":31},"end":{"line":46,"column":60}},{"start":{"line":46,"column":60},"end":{"line":46,"column":71}}],"line":46},"7":{"loc":{"start":{"line":54,"column":4},"end":{"line":56,"column":null}},"type":"if","locations":[{"start":{"line":54,"column":4},"end":{"line":56,"column":null}},{"start":{},"end":{}}],"line":54},"8":{"loc":{"start":{"line":54,"column":8},"end":{"line":54,"column":70}},"type":"binary-expr","locations":[{"start":{"line":54,"column":8},"end":{"line":54,"column":34}},{"start":{"line":54,"column":34},"end":{"line":54,"column":70}}],"line":54},"9":{"loc":{"start":{"line":67,"column":4},"end":{"line":72,"column":null}},"type":"if","locations":[{"start":{"line":67,"column":4},"end":{"line":72,"column":null}},{"start":{},"end":{}}],"line":67},"10":{"loc":{"start":{"line":76,"column":4},"end":{"line":87,"column":null}},"type":"if","locations":[{"start":{"line":76,"column":4},"end":{"line":87,"column":null}},{"start":{},"end":{}}],"line":76},"11":{"loc":{"start":{"line":77,"column":6},"end":{"line":81,"column":null}},"type":"binary-expr","locations":[{"start":{"line":77,"column":6},"end":{"line":77,"column":null}},{"start":{"line":78,"column":6},"end":{"line":78,"column":null}},{"start":{"line":79,"column":6},"end":{"line":79,"column":null}},{"start":{"line":80,"column":6},"end":{"line":80,"column":null}},{"start":{"line":81,"column":6},"end":{"line":81,"column":null}}],"line":77},"12":{"loc":{"start":{"line":101,"column":4},"end":{"line":108,"column":null}},"type":"if","locations":[{"start":{"line":101,"column":4},"end":{"line":108,"column":null}},{"start":{},"end":{}}],"line":101}},"s":{"0":1,"1":0,"2":0,"3":0,"4":0,"5":0,"6":1,"7":0,"8":0,"9":0,"10":0,"11":0,"12":0,"13":0,"14":0,"15":0,"16":0,"17":1,"18":0,"19":0,"20":0,"21":0,"22":0,"23":0,"24":0,"25":0,"26":0,"27":0,"28":0,"29":0,"30":0,"31":0,"32":1,"33":5,"34":5,"35":5,"36":1,"37":4,"38":4,"39":5,"40":3,"41":2,"42":2,"43":14,"44":2,"45":2,"46":1,"47":1,"48":1,"49":1,"50":1,"51":0},"f":{"0":0,"1":0,"2":0,"3":0,"4":5,"5":3,"6":14},"b":{"0":[0,0],"1":[0,0],"2":[0,0],"3":[0,0],"4":[0,0],"5":[0,0,0],"6":[0,0],"7":[0,0],"8":[0,0],"9":[1,4],"10":[2,3],"11":[5,4,3,3,2],"12":[1,0]},"meta":{"lastBranch":13,"lastFunction":7,"lastStatement":52,"seen":{"s:10:24:18:Infinity":0,"f:10:24:10:31":0,"s:11:2:17:Infinity":1,"s:12:18:12:Infinity":2,"s:13:4:13:Infinity":3,"s:15:4:15:Infinity":4,"s:16:4:16:Infinity":5,"s:20:23:33:Infinity":6,"f:20:23:20:30":1,"s:21:2:32:Infinity":7,"s:22:19:22:Infinity":8,"b:23:4:25:Infinity:undefined:undefined:undefined:undefined":0,"s:23:4:25:Infinity":9,"b:23:8:23:37:23:37:23:50":1,"s:24:6:24:Infinity":10,"s:26:17:26:Infinity":11,"b:27:4:27:Infinity:undefined:undefined:undefined:undefined":2,"s:27:4:27:Infinity":12,"s:27:15:27:Infinity":13,"s:28:4:28:Infinity":14,"s:30:4:30:Infinity":15,"s:31:4:31:Infinity":16,"s:35:27:60:Infinity":17,"f:35:27:35:34":2,"s:36:2:59:Infinity":18,"s:37:23:37:Infinity":19,"b:38:4:40:Infinity:undefined:undefined:undefined:undefined":3,"s:38:4:40:Infinity":20,"s:39:6:39:Infinity":21,"s:42:20:42:Infinity":22,"b:43:4:49:Infinity:undefined:undefined:undefined:undefined":4,"s:43:4:49:Infinity":23,"b:44:6:44:Infinity:45:6:45:Infinity:46:6:46:Infinity":5,"f:46:14:46:20":3,"s:46:31:46:71":24,"b:46:31:46:60:46:60:46:71":6,"s:48:6:48:Infinity":25,"s:51:27:51:Infinity":26,"s:52:4:52:Infinity":27,"b:54:4:56:Infinity:undefined:undefined:undefined:undefined":7,"s:54:4:56:Infinity":28,"b:54:8:54:34:54:34:54:70":8,"s:55:6:55:Infinity":29,"s:57:4:57:Infinity":30,"s:58:4:58:Infinity":31,"s:62:28:114:Infinity":32,"f:62:28:62:35":4,"s:63:2:113:Infinity":33,"s:65:19:65:Infinity":34,"b:67:4:72:Infinity:undefined:undefined:undefined:undefined":9,"s:67:4:72:Infinity":35,"s:68:6:71:Infinity":36,"s:74:24:74:Infinity":37,"s:75:30:75:Infinity":38,"b:76:4:87:Infinity:undefined:undefined:undefined:undefined":10,"s:76:4:87:Infinity":39,"b:77:6:77:Infinity:78:6:78:Infinity:79:6:79:Infinity:80:6:80:Infinity:81:6:81:Infinity":11,"f:81:24:81:30":5,"s:81:38:81:64":40,"s:83:6:86:Infinity":41,"s:89:26:89:Infinity":42,"f:89:38:89:46":6,"s:89:54:89:85":43,"s:91:4:91:Infinity":44,"s:94:22:94:Infinity":45,"s:97:4:97:Infinity":46,"s:99:4:99:Infinity":47,"s:100:4:100:Infinity":48,"b:101:4:108:Infinity:undefined:undefined:undefined:undefined":12,"s:101:4:108:Infinity":49,"s:102:6:107:Infinity":50,"s:109:4:112:Infinity":51},"fnNames":{}}}
,"C:\\Users\\jairo\\OneDrive\\Documentos\\GitHub\\Pruebas_Athlos\\athlos-backend\\src\\controllers\\planAlimenticio.controller.ts": {"path":"C:\\Users\\jairo\\OneDrive\\Documentos\\GitHub\\Pruebas_Athlos\\athlos-backend\\src\\controllers\\planAlimenticio.controller.ts","statementMap":{"0":{"start":{"line":9,"column":34},"end":{"line":17,"column":null}},"1":{"start":{"line":10,"column":2},"end":{"line":16,"column":null}},"2":{"start":{"line":11,"column":17},"end":{"line":11,"column":null}},"3":{"start":{"line":12,"column":4},"end":{"line":12,"column":null}},"4":{"start":{"line":14,"column":4},"end":{"line":14,"column":null}},"5":{"start":{"line":15,"column":4},"end":{"line":15,"column":null}},"6":{"start":{"line":19,"column":46},"end":{"line":51,"column":null}},"7":{"start":{"line":20,"column":2},"end":{"line":50,"column":null}},"8":{"start":{"line":21,"column":19},"end":{"line":21,"column":null}},"9":{"start":{"line":23,"column":4},"end":{"line":28,"column":null}},"10":{"start":{"line":24,"column":6},"end":{"line":27,"column":null}},"11":{"start":{"line":30,"column":4},"end":{"line":30,"column":null}},"12":{"start":{"line":32,"column":22},"end":{"line":32,"column":null}},"13":{"start":{"line":34,"column":4},"end":{"line":34,"column":null}},"14":{"start":{"line":36,"column":4},"end":{"line":36,"column":null}},"15":{"start":{"line":37,"column":4},"end":{"line":37,"column":null}},"16":{"start":{"line":38,"column":4},"end":{"line":45,"column":null}},"17":{"start":{"line":39,"column":6},"end":{"line":44,"column":null}},"18":{"start":{"line":46,"column":4},"end":{"line":49,"column":null}},"19":{"start":{"line":53,"column":37},"end":{"line":64,"column":null}},"20":{"start":{"line":54,"column":2},"end":{"line":63,"column":null}},"21":{"start":{"line":55,"column":20},"end":{"line":55,"column":null}},"22":{"start":{"line":56,"column":4},"end":{"line":58,"column":null}},"23":{"start":{"line":57,"column":6},"end":{"line":57,"column":null}},"24":{"start":{"line":59,"column":4},"end":{"line":59,"column":null}},"25":{"start":{"line":61,"column":4},"end":{"line":61,"column":null}},"26":{"start":{"line":62,"column":4},"end":{"line":62,"column":null}}},"fnMap":{"0":{"name":"(anonymous_0)","decl":{"start":{"line":9,"column":34},"end":{"line":9,"column":41}},"loc":{"start":{"line":9,"column":73},"end":{"line":17,"column":null}},"line":9},"1":{"name":"(anonymous_1)","decl":{"start":{"line":19,"column":46},"end":{"line":19,"column":53}},"loc":{"start":{"line":19,"column":85},"end":{"line":51,"column":null}},"line":19},"2":{"name":"(anonymous_2)","decl":{"start":{"line":53,"column":37},"end":{"line":53,"column":44}},"loc":{"start":{"line":53,"column":76},"end":{"line":64,"column":null}},"line":53}},"branchMap":{"0":{"loc":{"start":{"line":23,"column":4},"end":{"line":28,"column":null}},"type":"if","locations":[{"start":{"line":23,"column":4},"end":{"line":28,"column":null}},{"start":{},"end":{}}],"line":23},"1":{"loc":{"start":{"line":38,"column":4},"end":{"line":45,"column":null}},"type":"if","locations":[{"start":{"line":38,"column":4},"end":{"line":45,"column":null}},{"start":{},"end":{}}],"line":38},"2":{"loc":{"start":{"line":56,"column":4},"end":{"line":58,"column":null}},"type":"if","locations":[{"start":{"line":56,"column":4},"end":{"line":58,"column":null}},{"start":{},"end":{}}],"line":56}},"s":{"0":0,"1":0,"2":0,"3":0,"4":0,"5":0,"6":0,"7":0,"8":0,"9":0,"10":0,"11":0,"12":0,"13":0,"14":0,"15":0,"16":0,"17":0,"18":0,"19":0,"20":0,"21":0,"22":0,"23":0,"24":0,"25":0,"26":0},"f":{"0":0,"1":0,"2":0},"b":{"0":[0,0],"1":[0,0],"2":[0,0]},"meta":{"lastBranch":3,"lastFunction":3,"lastStatement":27,"seen":{"s:9:34:17:Infinity":0,"f:9:34:9:41":0,"s:10:2:16:Infinity":1,"s:11:17:11:Infinity":2,"s:12:4:12:Infinity":3,"s:14:4:14:Infinity":4,"s:15:4:15:Infinity":5,"s:19:46:51:Infinity":6,"f:19:46:19:53":1,"s:20:2:50:Infinity":7,"s:21:19:21:Infinity":8,"b:23:4:28:Infinity:undefined:undefined:undefined:undefined":0,"s:23:4:28:Infinity":9,"s:24:6:27:Infinity":10,"s:30:4:30:Infinity":11,"s:32:22:32:Infinity":12,"s:34:4:34:Infinity":13,"s:36:4:36:Infinity":14,"s:37:4:37:Infinity":15,"b:38:4:45:Infinity:undefined:undefined:undefined:undefined":1,"s:38:4:45:Infinity":16,"s:39:6:44:Infinity":17,"s:46:4:49:Infinity":18,"s:53:37:64:Infinity":19,"f:53:37:53:44":2,"s:54:2:63:Infinity":20,"s:55:20:55:Infinity":21,"b:56:4:58:Infinity:undefined:undefined:undefined:undefined":2,"s:56:4:58:Infinity":22,"s:57:6:57:Infinity":23,"s:59:4:59:Infinity":24,"s:61:4:61:Infinity":25,"s:62:4:62:Infinity":26},"fnNames":{}}}
,"C:\\Users\\jairo\\OneDrive\\Documentos\\GitHub\\Pruebas_Athlos\\athlos-backend\\src\\controllers\\ranking.controller.ts": {"path":"C:\\Users\\jairo\\OneDrive\\Documentos\\GitHub\\Pruebas_Athlos\\athlos-backend\\src\\controllers\\ranking.controller.ts","statementMap":{"0":{"start":{"line":4,"column":28},"end":{"line":15,"column":null}},"1":{"start":{"line":5,"column":2},"end":{"line":14,"column":null}},"2":{"start":{"line":6,"column":21},"end":{"line":6,"column":null}},"3":{"start":{"line":7,"column":4},"end":{"line":9,"column":null}},"4":{"start":{"line":8,"column":6},"end":{"line":8,"column":null}},"5":{"start":{"line":10,"column":4},"end":{"line":10,"column":null}},"6":{"start":{"line":12,"column":4},"end":{"line":12,"column":null}},"7":{"start":{"line":13,"column":4},"end":{"line":13,"column":null}},"8":{"start":{"line":17,"column":31},"end":{"line":25,"column":null}},"9":{"start":{"line":18,"column":2},"end":{"line":24,"column":null}},"10":{"start":{"line":19,"column":32},"end":{"line":19,"column":null}},"11":{"start":{"line":20,"column":4},"end":{"line":20,"column":null}},"12":{"start":{"line":22,"column":4},"end":{"line":22,"column":null}},"13":{"start":{"line":23,"column":4},"end":{"line":23,"column":null}},"14":{"start":{"line":27,"column":31},"end":{"line":43,"column":null}},"15":{"start":{"line":28,"column":2},"end":{"line":42,"column":null}},"16":{"start":{"line":29,"column":19},"end":{"line":29,"column":null}},"17":{"start":{"line":30,"column":4},"end":{"line":32,"column":null}},"18":{"start":{"line":31,"column":6},"end":{"line":31,"column":null}},"19":{"start":{"line":33,"column":4},"end":{"line":35,"column":null}},"20":{"start":{"line":34,"column":6},"end":{"line":34,"column":null}},"21":{"start":{"line":37,"column":23},"end":{"line":37,"column":null}},"22":{"start":{"line":38,"column":4},"end":{"line":38,"column":null}},"23":{"start":{"line":40,"column":4},"end":{"line":40,"column":null}},"24":{"start":{"line":41,"column":4},"end":{"line":41,"column":null}}},"fnMap":{"0":{"name":"(anonymous_0)","decl":{"start":{"line":4,"column":28},"end":{"line":4,"column":35}},"loc":{"start":{"line":4,"column":67},"end":{"line":15,"column":null}},"line":4},"1":{"name":"(anonymous_1)","decl":{"start":{"line":17,"column":31},"end":{"line":17,"column":38}},"loc":{"start":{"line":17,"column":70},"end":{"line":25,"column":null}},"line":17},"2":{"name":"(anonymous_2)","decl":{"start":{"line":27,"column":31},"end":{"line":27,"column":38}},"loc":{"start":{"line":27,"column":70},"end":{"line":43,"column":null}},"line":27}},"branchMap":{"0":{"loc":{"start":{"line":7,"column":4},"end":{"line":9,"column":null}},"type":"if","locations":[{"start":{"line":7,"column":4},"end":{"line":9,"column":null}},{"start":{},"end":{}}],"line":7},"1":{"loc":{"start":{"line":29,"column":26},"end":{"line":29,"column":48}},"type":"binary-expr","locations":[{"start":{"line":29,"column":26},"end":{"line":29,"column":46}},{"start":{"line":29,"column":46},"end":{"line":29,"column":48}}],"line":29},"2":{"loc":{"start":{"line":30,"column":4},"end":{"line":32,"column":null}},"type":"if","locations":[{"start":{"line":30,"column":4},"end":{"line":32,"column":null}},{"start":{},"end":{}}],"line":30},"3":{"loc":{"start":{"line":33,"column":4},"end":{"line":35,"column":null}},"type":"if","locations":[{"start":{"line":33,"column":4},"end":{"line":35,"column":null}},{"start":{},"end":{}}],"line":33}},"s":{"0":0,"1":0,"2":0,"3":0,"4":0,"5":0,"6":0,"7":0,"8":0,"9":0,"10":0,"11":0,"12":0,"13":0,"14":0,"15":0,"16":0,"17":0,"18":0,"19":0,"20":0,"21":0,"22":0,"23":0,"24":0},"f":{"0":0,"1":0,"2":0},"b":{"0":[0,0],"1":[0,0],"2":[0,0],"3":[0,0]},"meta":{"lastBranch":4,"lastFunction":3,"lastStatement":25,"seen":{"s:4:28:15:Infinity":0,"f:4:28:4:35":0,"s:5:2:14:Infinity":1,"s:6:21:6:Infinity":2,"b:7:4:9:Infinity:undefined:undefined:undefined:undefined":0,"s:7:4:9:Infinity":3,"s:8:6:8:Infinity":4,"s:10:4:10:Infinity":5,"s:12:4:12:Infinity":6,"s:13:4:13:Infinity":7,"s:17:31:25:Infinity":8,"f:17:31:17:38":1,"s:18:2:24:Infinity":9,"s:19:32:19:Infinity":10,"s:20:4:20:Infinity":11,"s:22:4:22:Infinity":12,"s:23:4:23:Infinity":13,"s:27:31:43:Infinity":14,"f:27:31:27:38":2,"s:28:2:42:Infinity":15,"s:29:19:29:Infinity":16,"b:29:26:29:46:29:46:29:48":1,"b:30:4:32:Infinity:undefined:undefined:undefined:undefined":2,"s:30:4:32:Infinity":17,"s:31:6:31:Infinity":18,"b:33:4:35:Infinity:undefined:undefined:undefined:undefined":3,"s:33:4:35:Infinity":19,"s:34:6:34:Infinity":20,"s:37:23:37:Infinity":21,"s:38:4:38:Infinity":22,"s:40:4:40:Infinity":23,"s:41:4:41:Infinity":24},"fnNames":{}}}
,"C:\\Users\\jairo\\OneDrive\\Documentos\\GitHub\\Pruebas_Athlos\\athlos-backend\\src\\controllers\\store.controller.ts": {"path":"C:\\Users\\jairo\\OneDrive\\Documentos\\GitHub\\Pruebas_Athlos\\athlos-backend\\src\\controllers\\store.controller.ts","statementMap":{"0":{"start":{"line":6,"column":26},"end":{"line":14,"column":null}},"1":{"start":{"line":7,"column":4},"end":{"line":13,"column":null}},"2":{"start":{"line":8,"column":23},"end":{"line":8,"column":null}},"3":{"start":{"line":9,"column":8},"end":{"line":9,"column":null}},"4":{"start":{"line":11,"column":8},"end":{"line":11,"column":null}},"5":{"start":{"line":12,"column":8},"end":{"line":12,"column":null}},"6":{"start":{"line":16,"column":28},"end":{"line":88,"column":null}},"7":{"start":{"line":17,"column":29},"end":{"line":17,"column":null}},"8":{"start":{"line":18,"column":23},"end":{"line":18,"column":null}},"9":{"start":{"line":20,"column":4},"end":{"line":23,"column":null}},"10":{"start":{"line":21,"column":8},"end":{"line":21,"column":null}},"11":{"start":{"line":22,"column":8},"end":{"line":22,"column":null}},"12":{"start":{"line":25,"column":4},"end":{"line":87,"column":null}},"13":{"start":{"line":26,"column":8},"end":{"line":80,"column":null}},"14":{"start":{"line":28,"column":28},"end":{"line":28,"column":null}},"15":{"start":{"line":29,"column":30},"end":{"line":29,"column":null}},"16":{"start":{"line":31,"column":12},"end":{"line":34,"column":null}},"17":{"start":{"line":32,"column":16},"end":{"line":32,"column":null}},"18":{"start":{"line":33,"column":16},"end":{"line":33,"column":null}},"19":{"start":{"line":35,"column":12},"end":{"line":38,"column":null}},"20":{"start":{"line":36,"column":16},"end":{"line":36,"column":null}},"21":{"start":{"line":37,"column":16},"end":{"line":37,"column":null}},"22":{"start":{"line":40,"column":31},"end":{"line":40,"column":null}},"23":{"start":{"line":41,"column":31},"end":{"line":41,"column":null}},"24":{"start":{"line":42,"column":30},"end":{"line":42,"column":null}},"25":{"start":{"line":43,"column":31},"end":{"line":43,"column":null}},"26":{"start":{"line":44,"column":35},"end":{"line":44,"column":null}},"27":{"start":{"line":45,"column":32},"end":{"line":45,"column":null}},"28":{"start":{"line":48,"column":29},"end":{"line":48,"column":null}},"29":{"start":{"line":49,"column":34},"end":{"line":49,"column":null}},"30":{"start":{"line":51,"column":12},"end":{"line":54,"column":null}},"31":{"start":{"line":52,"column":16},"end":{"line":52,"column":null}},"32":{"start":{"line":53,"column":16},"end":{"line":53,"column":null}},"33":{"start":{"line":57,"column":12},"end":{"line":60,"column":null}},"34":{"start":{"line":58,"column":16},"end":{"line":58,"column":null}},"35":{"start":{"line":59,"column":16},"end":{"line":59,"column":null}},"36":{"start":{"line":63,"column":12},"end":{"line":63,"column":null}},"37":{"start":{"line":66,"column":31},"end":{"line":66,"column":null}},"38":{"start":{"line":67,"column":12},"end":{"line":70,"column":null}},"39":{"start":{"line":73,"column":12},"end":{"line":77,"column":null}},"40":{"start":{"line":74,"column":16},"end":{"line":74,"column":null}},"41":{"start":{"line":76,"column":16},"end":{"line":76,"column":null}},"42":{"start":{"line":79,"column":12},"end":{"line":79,"column":null}},"43":{"start":{"line":83,"column":8},"end":{"line":86,"column":null}},"44":{"start":{"line":84,"column":12},"end":{"line":84,"column":null}},"45":{"start":{"line":85,"column":12},"end":{"line":85,"column":null}},"46":{"start":{"line":90,"column":34},"end":{"line":110,"column":null}},"47":{"start":{"line":91,"column":23},"end":{"line":91,"column":null}},"48":{"start":{"line":92,"column":4},"end":{"line":95,"column":null}},"49":{"start":{"line":93,"column":8},"end":{"line":93,"column":null}},"50":{"start":{"line":94,"column":8},"end":{"line":94,"column":null}},"51":{"start":{"line":96,"column":4},"end":{"line":109,"column":null}},"52":{"start":{"line":97,"column":26},"end":{"line":97,"column":null}},"53":{"start":{"line":104,"column":23},"end":{"line":104,"column":null}},"54":{"start":{"line":105,"column":8},"end":{"line":105,"column":null}},"55":{"start":{"line":107,"column":8},"end":{"line":107,"column":null}},"56":{"start":{"line":108,"column":8},"end":{"line":108,"column":null}}},"fnMap":{"0":{"name":"(anonymous_0)","decl":{"start":{"line":6,"column":26},"end":{"line":6,"column":33}},"loc":{"start":{"line":6,"column":80},"end":{"line":14,"column":null}},"line":6},"1":{"name":"(anonymous_1)","decl":{"start":{"line":16,"column":28},"end":{"line":16,"column":35}},"loc":{"start":{"line":16,"column":82},"end":{"line":88,"column":null}},"line":16},"2":{"name":"(anonymous_2)","decl":{"start":{"line":26,"column":29},"end":{"line":26,"column":36}},"loc":{"start":{"line":26,"column":47},"end":{"line":80,"column":9}},"line":26},"3":{"name":"(anonymous_3)","decl":{"start":{"line":90,"column":34},"end":{"line":90,"column":41}},"loc":{"start":{"line":90,"column":88},"end":{"line":110,"column":null}},"line":90}},"branchMap":{"0":{"loc":{"start":{"line":20,"column":4},"end":{"line":23,"column":null}},"type":"if","locations":[{"start":{"line":20,"column":4},"end":{"line":23,"column":null}},{"start":{},"end":{}}],"line":20},"1":{"loc":{"start":{"line":20,"column":8},"end":{"line":20,"column":37}},"type":"binary-expr","locations":[{"start":{"line":20,"column":8},"end":{"line":20,"column":22}},{"start":{"line":20,"column":22},"end":{"line":20,"column":37}}],"line":20},"2":{"loc":{"start":{"line":31,"column":12},"end":{"line":34,"column":null}},"type":"if","locations":[{"start":{"line":31,"column":12},"end":{"line":34,"column":null}},{"start":{},"end":{}}],"line":31},"3":{"loc":{"start":{"line":35,"column":12},"end":{"line":38,"column":null}},"type":"if","locations":[{"start":{"line":35,"column":12},"end":{"line":38,"column":null}},{"start":{},"end":{}}],"line":35},"4":{"loc":{"start":{"line":40,"column":31},"end":{"line":40,"column":null}},"type":"binary-expr","locations":[{"start":{"line":40,"column":31},"end":{"line":40,"column":67}},{"start":{"line":40,"column":67},"end":{"line":40,"column":null}}],"line":40},"5":{"loc":{"start":{"line":44,"column":35},"end":{"line":44,"column":null}},"type":"binary-expr","locations":[{"start":{"line":44,"column":35},"end":{"line":44,"column":65}},{"start":{"line":44,"column":65},"end":{"line":44,"column":null}}],"line":44},"6":{"loc":{"start":{"line":45,"column":32},"end":{"line":45,"column":null}},"type":"binary-expr","locations":[{"start":{"line":45,"column":32},"end":{"line":45,"column":77}},{"start":{"line":45,"column":77},"end":{"line":45,"column":null}}],"line":45},"7":{"loc":{"start":{"line":49,"column":34},"end":{"line":49,"column":null}},"type":"binary-expr","locations":[{"start":{"line":49,"column":34},"end":{"line":49,"column":70}},{"start":{"line":49,"column":70},"end":{"line":49,"column":null}}],"line":49},"8":{"loc":{"start":{"line":51,"column":12},"end":{"line":54,"column":null}},"type":"if","locations":[{"start":{"line":51,"column":12},"end":{"line":54,"column":null}},{"start":{},"end":{}}],"line":51},"9":{"loc":{"start":{"line":57,"column":12},"end":{"line":60,"column":null}},"type":"if","locations":[{"start":{"line":57,"column":12},"end":{"line":60,"column":null}},{"start":{},"end":{}}],"line":57},"10":{"loc":{"start":{"line":83,"column":8},"end":{"line":86,"column":null}},"type":"if","locations":[{"start":{"line":83,"column":8},"end":{"line":86,"column":null}},{"start":{},"end":{}}],"line":83},"11":{"loc":{"start":{"line":92,"column":4},"end":{"line":95,"column":null}},"type":"if","locations":[{"start":{"line":92,"column":4},"end":{"line":95,"column":null}},{"start":{},"end":{}}],"line":92}},"s":{"0":0,"1":0,"2":0,"3":0,"4":0,"5":0,"6":0,"7":0,"8":0,"9":0,"10":0,"11":0,"12":0,"13":0,"14":0,"15":0,"16":0,"17":0,"18":0,"19":0,"20":0,"21":0,"22":0,"23":0,"24":0,"25":0,"26":0,"27":0,"28":0,"29":0,"30":0,"31":0,"32":0,"33":0,"34":0,"35":0,"36":0,"37":0,"38":0,"39":0,"40":0,"41":0,"42":0,"43":0,"44":0,"45":0,"46":0,"47":0,"48":0,"49":0,"50":0,"51":0,"52":0,"53":0,"54":0,"55":0,"56":0},"f":{"0":0,"1":0,"2":0,"3":0},"b":{"0":[0,0],"1":[0,0],"2":[0,0],"3":[0,0],"4":[0,0],"5":[0,0],"6":[0,0],"7":[0,0],"8":[0,0],"9":[0,0],"10":[0,0],"11":[0,0]},"meta":{"lastBranch":12,"lastFunction":4,"lastStatement":57,"seen":{"s:6:26:14:Infinity":0,"f:6:26:6:33":0,"s:7:4:13:Infinity":1,"s:8:23:8:Infinity":2,"s:9:8:9:Infinity":3,"s:11:8:11:Infinity":4,"s:12:8:12:Infinity":5,"s:16:28:88:Infinity":6,"f:16:28:16:35":1,"s:17:29:17:Infinity":7,"s:18:23:18:Infinity":8,"b:20:4:23:Infinity:undefined:undefined:undefined:undefined":0,"s:20:4:23:Infinity":9,"b:20:8:20:22:20:22:20:37":1,"s:21:8:21:Infinity":10,"s:22:8:22:Infinity":11,"s:25:4:87:Infinity":12,"s:26:8:80:Infinity":13,"f:26:29:26:36":2,"s:28:28:28:Infinity":14,"s:29:30:29:Infinity":15,"b:31:12:34:Infinity:undefined:undefined:undefined:undefined":2,"s:31:12:34:Infinity":16,"s:32:16:32:Infinity":17,"s:33:16:33:Infinity":18,"b:35:12:38:Infinity:undefined:undefined:undefined:undefined":3,"s:35:12:38:Infinity":19,"s:36:16:36:Infinity":20,"s:37:16:37:Infinity":21,"s:40:31:40:Infinity":22,"b:40:31:40:67:40:67:40:Infinity":4,"s:41:31:41:Infinity":23,"s:42:30:42:Infinity":24,"s:43:31:43:Infinity":25,"s:44:35:44:Infinity":26,"b:44:35:44:65:44:65:44:Infinity":5,"s:45:32:45:Infinity":27,"b:45:32:45:77:45:77:45:Infinity":6,"s:48:29:48:Infinity":28,"s:49:34:49:Infinity":29,"b:49:34:49:70:49:70:49:Infinity":7,"b:51:12:54:Infinity:undefined:undefined:undefined:undefined":8,"s:51:12:54:Infinity":30,"s:52:16:52:Infinity":31,"s:53:16:53:Infinity":32,"b:57:12:60:Infinity:undefined:undefined:undefined:undefined":9,"s:57:12:60:Infinity":33,"s:58:16:58:Infinity":34,"s:59:16:59:Infinity":35,"s:63:12:63:Infinity":36,"s:66:31:66:Infinity":37,"s:67:12:70:Infinity":38,"s:73:12:77:Infinity":39,"s:74:16:74:Infinity":40,"s:76:16:76:Infinity":41,"s:79:12:79:Infinity":42,"b:83:8:86:Infinity:undefined:undefined:undefined:undefined":10,"s:83:8:86:Infinity":43,"s:84:12:84:Infinity":44,"s:85:12:85:Infinity":45,"s:90:34:110:Infinity":46,"f:90:34:90:41":3,"s:91:23:91:Infinity":47,"b:92:4:95:Infinity:undefined:undefined:undefined:undefined":11,"s:92:4:95:Infinity":48,"s:93:8:93:Infinity":49,"s:94:8:94:Infinity":50,"s:96:4:109:Infinity":51,"s:97:26:97:Infinity":52,"s:104:23:104:Infinity":53,"s:105:8:105:Infinity":54,"s:107:8:107:Infinity":55,"s:108:8:108:Infinity":56},"fnNames":{}}}
[...]
:10},"end":{"line":329,"column":null}},"81":{"start":{"line":329,"column":55},"end":{"line":329,"column":null}},"82":{"start":{"line":331,"column":24},"end":{"line":331,"column":null}},"83":{"start":{"line":332,"column":10},"end":{"line":332,"column":null}},"84":{"start":{"line":332,"column":21},"end":{"line":332,"column":null}},"85":{"start":{"line":334,"column":8},"end":{"line":334,"column":null}},"86":{"start":{"line":336,"column":6},"end":{"line":336,"column":null}},"87":{"start":{"line":339,"column":18},"end":{"line":339,"column":null}},"88":{"start":{"line":342,"column":4},"end":{"line":342,"column":null}},"89":{"start":{"line":343,"column":4},"end":{"line":343,"column":null}},"90":{"start":{"line":343,"column":23},"end":{"line":343,"column":null}},"91":{"start":{"line":344,"column":4},"end":{"line":344,"column":null}},"92":{"start":{"line":346,"column":4},"end":{"line":346,"column":null}},"93":{"start":{"line":347,"column":4},"end":{"line":347,"column":null}},"94":{"start":{"line":348,"column":4},"end":{"line":348,"column":null}},"95":{"start":{"line":353,"column":2},"end":{"line":360,"column":null}},"96":{"start":{"line":354,"column":4},"end":{"line":354,"column":null}},"97":{"start":{"line":356,"column":4},"end":{"line":356,"column":null}},"98":{"start":{"line":357,"column":4},"end":{"line":357,"column":null}},"99":{"start":{"line":358,"column":4},"end":{"line":358,"column":null}},"100":{"start":{"line":359,"column":4},"end":{"line":359,"column":null}},"101":{"start":{"line":364,"column":2},"end":{"line":372,"column":null}},"102":{"start":{"line":365,"column":4},"end":{"line":365,"column":null}},"103":{"start":{"line":366,"column":4},"end":{"line":366,"column":null}},"104":{"start":{"line":368,"column":4},"end":{"line":368,"column":null}},"105":{"start":{"line":369,"column":4},"end":{"line":369,"column":null}},"106":{"start":{"line":370,"column":4},"end":{"line":370,"column":null}},"107":{"start":{"line":371,"column":4},"end":{"line":371,"column":null}},"108":{"start":{"line":375,"column":2},"end":{"line":382,"column":null}},"109":{"start":{"line":376,"column":22},"end":{"line":376,"column":null}},"110":{"start":{"line":377,"column":4},"end":{"line":377,"column":null}},"111":{"start":{"line":379,"column":4},"end":{"line":379,"column":null}},"112":{"start":{"line":380,"column":4},"end":{"line":380,"column":null}},"113":{"start":{"line":381,"column":4},"end":{"line":381,"column":null}}},"fnMap":{"0":{"name":"(anonymous_0)","decl":{"start":{"line":47,"column":42},"end":{"line":47,"column":null}},"loc":{"start":{"line":49,"column":44},"end":{"line":67,"column":null}},"line":49},"1":{"name":"(anonymous_1)","decl":{"start":{"line":69,"column":45},"end":{"line":69,"column":null}},"loc":{"start":{"line":71,"column":23},"end":{"line":77,"column":null}},"line":71},"2":{"name":"(anonymous_2)","decl":{"start":{"line":133,"column":6},"end":{"line":133,"column":29}},"loc":{"start":{"line":133,"column":58},"end":{"line":141,"column":null}},"line":133},"3":{"name":"(anonymous_3)","decl":{"start":{"line":147,"column":6},"end":{"line":147,"column":18}},"loc":{"start":{"line":147,"column":90},"end":{"line":153,"column":null}},"line":147},"4":{"name":"(anonymous_4)","decl":{"start":{"line":155,"column":6},"end":{"line":155,"column":14}},"loc":{"start":{"line":155,"column":56},"end":{"line":160,"column":null}},"line":155},"5":{"name":"(anonymous_5)","decl":{"start":{"line":162,"column":6},"end":{"line":162,"column":33}},"loc":{"start":{"line":162,"column":76},"end":{"line":219,"column":null}},"line":162},"6":{"name":"(anonymous_6)","decl":{"start":{"line":183,"column":46},"end":{"line":183,"column":51}},"loc":{"start":{"line":183,"column":81},"end":{"line":216,"column":3}},"line":183},"7":{"name":"(anonymous_7)","decl":{"start":{"line":195,"column":45},"end":{"line":195,"column":50}},"loc":{"start":{"line":195,"column":83},"end":{"line":213,"column":5}},"line":195},"8":{"name":"(anonymous_8)","decl":{"start":{"line":201,"column":33},"end":{"line":201,"column":41}},"loc":{"start":{"line":201,"column":56},"end":{"line":201,"column":89}},"line":201},"9":{"name":"(anonymous_9)","decl":{"start":{"line":201,"column":91},"end":{"line":201,"column":96}},"loc":{"start":{"line":201,"column":110},"end":{"line":201,"column":118}},"line":201},"10":{"name":"(anonymous_10)","decl":{"start":{"line":225,"column":6},"end":{"line":225,"column":33}},"loc":{"start":{"line":225,"column":63},"end":{"line":252,"column":null}},"line":225},"11":{"name":"(anonymous_11)","decl":{"start":{"line":258,"column":38},"end":{"line":258,"column":null}},"loc":{"start":{"line":261,"column":37},"end":{"line":281,"column":null}},"line":261},"12":{"name":"(anonymous_12)","decl":{"start":{"line":287,"column":39},"end":{"line":287,"column":null}},"loc":{"start":{"line":289,"column":37},"end":{"line":383,"column":null}},"line":289},"13":{"name":"(anonymous_13)","decl":{"start":{"line":327,"column":52},"end":{"line":327,"column":58}},"loc":{"start":{"line":327,"column":69},"end":{"line":327,"column":86}},"line":327}},"branchMap":{"0":{"loc":{"start":{"line":58,"column":2},"end":{"line":58,"column":null}},"type":"if","locations":[{"start":{"line":58,"column":2},"end":{"line":58,"column":null}},{"start":{},"end":{}}],"line":58},"1":{"loc":{"start":{"line":64,"column":15},"end":{"line":64,"column":null}},"type":"cond-expr","locations":[{"start":{"line":64,"column":51},"end":{"line":64,"column":79}},{"start":{"line":64,"column":79},"end":{"line":64,"column":null}}],"line":64},"2":{"loc":{"start":{"line":76,"column":10},"end":{"line":76,"column":34}},"type":"binary-expr","locations":[{"start":{"line":76,"column":10},"end":{"line":76,"column":29}},{"start":{"line":76,"column":29},"end":{"line":76,"column":34}}],"line":76},"3":{"loc":{"start":{"line":149,"column":2},"end":{"line":151,"column":null}},"type":"if","locations":[{"start":{"line":149,"column":2},"end":{"line":151,"column":null}},{"start":{},"end":{}}],"line":149},"4":{"loc":{"start":{"line":149,"column":6},"end":{"line":149,"column":64}},"type":"binary-expr","locations":[{"start":{"line":149,"column":6},"end":{"line":149,"column":34}},{"start":{"line":149,"column":34},"end":{"line":149,"column":50}},{"start":{"line":149,"column":50},"end":{"line":149,"column":64}}],"line":149},"5":{"loc":{"start":{"line":156,"column":2},"end":{"line":158,"column":null}},"type":"if","locations":[{"start":{"line":156,"column":2},"end":{"line":158,"column":null}},{"start":{},"end":{}}],"line":156},"6":{"loc":{"start":{"line":156,"column":6},"end":{"line":156,"column":50}},"type":"binary-expr","locations":[{"start":{"line":156,"column":6},"end":{"line":156,"column":35}},{"start":{"line":156,"column":35},"end":{"line":156,"column":50}}],"line":156},"7":{"loc":{"start":{"line":163,"column":2},"end":{"line":163,"column":null}},"type":"if","locations":[{"start":{"line":163,"column":2},"end":{"line":163,"column":null}},{"start":{},"end":{}}],"line":163},"8":{"loc":{"start":{"line":163,"column":6},"end":{"line":163,"column":43}},"type":"binary-expr","locations":[{"start":{"line":163,"column":6},"end":{"line":163,"column":16}},{"start":{"line":163,"column":16},"end":{"line":163,"column":43}}],"line":163},"9":{"loc":{"start":{"line":168,"column":2},"end":{"line":168,"column":null}},"type":"if","locations":[{"start":{"line":168,"column":2},"end":{"line":168,"column":null}},{"start":{},"end":{}}],"line":168},"10":{"loc":{"start":{"line":168,"column":6},"end":{"line":168,"column":53}},"type":"binary-expr","locations":[{"start":{"line":168,"column":6},"end":{"line":168,"column":21}},{"start":{"line":168,"column":21},"end":{"line":168,"column":53}}],"line":168},"11":{"loc":{"start":{"line":179,"column":2},"end":{"line":181,"column":null}},"type":"if","locations":[{"start":{"line":179,"column":2},"end":{"line":181,"column":null}},{"start":{},"end":{}}],"line":179},"12":{"loc":{"start":{"line":179,"column":6},"end":{"line":179,"column":53}},"type":"binary-expr","locations":[{"start":{"line":179,"column":6},"end":{"line":179,"column":33}},{"start":{"line":179,"column":33},"end":{"line":179,"column":53}}],"line":179},"13":{"loc":{"start":{"line":184,"column":4},"end":{"line":186,"column":null}},"type":"if","locations":[{"start":{"line":184,"column":4},"end":{"line":186,"column":null}},{"start":{},"end":{}}],"line":184},"14":{"loc":{"start":{"line":184,"column":8},"end":{"line":184,"column":47}},"type":"binary-expr","locations":[{"start":{"line":184,"column":8},"end":{"line":184,"column":19}},{"start":{"line":184,"column":19},"end":{"line":184,"column":47}}],"line":184},"15":{"loc":{"start":{"line":191,"column":4},"end":{"line":193,"column":null}},"type":"if","locations":[{"start":{"line":191,"column":4},"end":{"line":193,"column":null}},{"start":{},"end":{}}],"line":191},"16":{"loc":{"start":{"line":191,"column":8},"end":{"line":191,"column":61}},"type":"binary-expr","locations":[{"start":{"line":191,"column":8},"end":{"line":191,"column":38}},{"start":{"line":191,"column":38},"end":{"line":191,"column":61}}],"line":191},"17":{"loc":{"start":{"line":196,"column":6},"end":{"line":198,"column":null}},"type":"if","locations":[{"start":{"line":196,"column":6},"end":{"line":198,"column":null}},{"start":{},"end":{}}],"line":196},"18":{"loc":{"start":{"line":196,"column":10},"end":{"line":196,"column":55}},"type":"binary-expr","locations":[{"start":{"line":196,"column":10},"end":{"line":196,"column":24}},{"start":{"line":196,"column":24},"end":{"line":196,"column":55}}],"line":196},"19":{"loc":{"start":{"line":200,"column":27},"end":{"line":202,"column":null}},"type":"cond-expr","locations":[{"start":{"line":201,"column":10},"end":{"line":201,"column":null}},{"start":{"line":202,"column":10},"end":{"line":202,"column":null}}],"line":200},"20":{"loc":{"start":{"line":201,"column":56},"end":{"line":201,"column":89}},"type":"binary-expr","locations":[{"start":{"line":201,"column":56},"end":{"line":201,"column":81}},{"start":{"line":201,"column":81},"end":{"line":201,"column":89}}],"line":201},"21":{"loc":{"start":{"line":227,"column":12},"end":{"line":227,"column":null}},"type":"binary-expr","locations":[{"start":{"line":227,"column":12},"end":{"line":227,"column":27}},{"start":{"line":227,"column":27},"end":{"line":227,"column":null}}],"line":227},"22":{"loc":{"start":{"line":228,"column":10},"end":{"line":228,"column":41}},"type":"binary-expr","locations":[{"start":{"line":228,"column":10},"end":{"line":228,"column":23}},{"start":{"line":228,"column":23},"end":{"line":228,"column":41}}],"line":228},"23":{"loc":{"start":{"line":229,"column":10},"end":{"line":229,"column":41}},"type":"binary-expr","locations":[{"start":{"line":229,"column":10},"end":{"line":229,"column":23}},{"start":{"line":229,"column":23},"end":{"line":229,"column":41}}],"line":229},"24":{"loc":{"start":{"line":230,"column":20},"end":{"line":230,"column":52}},"type":"binary-expr","locations":[{"start":{"line":230,"column":20},"end":{"line":230,"column":34}},{"start":{"line":230,"column":34},"end":{"line":230,"column":52}}],"line":230},"25":{"loc":{"start":{"line":291,"column":2},"end":{"line":291,"column":null}},"type":"if","locations":[{"start":{"line":291,"column":2},"end":{"line":291,"column":null}},{"start":{},"end":{}}],"line":291},"26":{"loc":{"start":{"line":291,"column":6},"end":{"line":291,"column":47}},"type":"binary-expr","locations":[{"start":{"line":291,"column":6},"end":{"line":291,"column":17}},{"start":{"line":291,"column":17},"end":{"line":291,"column":47}}],"line":291},"27":{"loc":{"start":{"line":296,"column":45},"end":{"line":296,"column":67}},"type":"binary-expr","locations":[{"start":{"line":296,"column":45},"end":{"line":296,"column":60}},{"start":{"line":296,"column":60},"end":{"line":296,"column":67}}],"line":296},"28":{"loc":{"start":{"line":318,"column":4},"end":{"line":337,"column":null}},"type":"if","locations":[{"start":{"line":318,"column":4},"end":{"line":337,"column":null}},{"start":{},"end":{}}],"line":318},"29":{"loc":{"start":{"line":321,"column":6},"end":{"line":335,"column":null}},"type":"if","locations":[{"start":{"line":321,"column":6},"end":{"line":335,"column":null}},{"start":{},"end":{}}],"line":321},"30":{"loc":{"start":{"line":328,"column":44},"end":{"line":328,"column":60}},"type":"binary-expr","locations":[{"start":{"line":328,"column":44},"end":{"line":328,"column":58}},{"start":{"line":328,"column":58},"end":{"line":328,"column":60}}],"line":328},"31":{"loc":{"start":{"line":329,"column":10},"end":{"line":329,"column":null}},"type":"if","locations":[{"start":{"line":329,"column":10},"end":{"line":329,"column":null}},{"start":{},"end":{}}],"line":329},"32":{"loc":{"start":{"line":329,"column":14},"end":{"line":329,"column":55}},"type":"binary-expr","locations":[{"start":{"line":329,"column":14},"end":{"line":329,"column":42}},{"start":{"line":329,"column":42},"end":{"line":329,"column":55}}],"line":329},"33":{"loc":{"start":{"line":332,"column":10},"end":{"line":332,"column":null}},"type":"if","locations":[{"start":{"line":332,"column":10},"end":{"line":332,"column":null}},{"start":{},"end":{}}],"line":332},"34":{"loc":{"start":{"line":342,"column":19},"end":{"line":342,"column":null}},"type":"binary-expr","locations":[{"start":{"line":342,"column":19},"end":{"line":342,"column":70}},{"start":{"line":342,"column":70},"end":{"line":342,"column":null}}],"line":342},"35":{"loc":{"start":{"line":343,"column":4},"end":{"line":343,"column":null}},"type":"if","locations":[{"start":{"line":343,"column":4},"end":{"line":343,"column":null}},{"start":{},"end":{}}],"line":343}},"s":{"0":0,"1":0,"2":0,"3":0,"4":0,"5":0,"6":0,"7":0,"8":0,"9":0,"10":0,"11":0,"12":0,"13":0,"14":0,"15":0,"16":0,"17":0,"18":0,"19":0,"20":0,"21":0,"22":0,"23":0,"24":0,"25":0,"26":0,"27":0,"28":0,"29":0,"30":0,"31":0,"32":0,"33":0,"34":0,"35":0,"36":0,"37":0,"38":0,"39":0,"40":0,"41":0,"42":0,"43":0,"44":0,"45":0,"46":0,"47":0,"48":0,"49":0,"50":0,"51":0,"52":0,"53":0,"54":0,"55":0,"56":0,"57":0,"58":0,"59":0,"60":0,"61":0,"62":0,"63":0,"64":0,"65":0,"66":0,"67":0,"68":0,"69":0,"70":0,"71":0,"72":0,"73":0,"74":0,"75":0,"76":0,"77":0,"78":0,"79":0,"80":0,"81":0,"82":0,"83":0,"84":0,"85":0,"86":0,"87":0,"88":0,"89":0,"90":0,"91":0,"92":0,"93":0,"94":0,"95":0,"96":0,"97":0,"98":0,"99":0,"100":0,"101":0,"102":0,"103":0,"104":0,"105":0,"106":0,"107":0,"108":0,"109":0,"110":0,"111":0,"112":0,"113":0},"f":{"0":0,"1":0,"2":0,"3":0,"4":0,"5":0,"6":0,"7":0,"8":0,"9":0,"10":0,"11":0,"12":0,"13":0},"b":{"0":[0,0],"1":[0,0],"2":[0,0],"3":[0,0],"4":[0,0,0],"5":[0,0],"6":[0,0],"7":[0,0],"8":[0,0],"9":[0,0],"10":[0,0],"11":[0,0],"12":[0,0],"13":[0,0],"14":[0,0],"15":[0,0],"16":[0,0],"17":[0,0],"18":[0,0],"19":[0,0],"20":[0,0],"21":[0,0],"22":[0,0],"23":[0,0],"24":[0,0],"25":[0,0],"26":[0,0],"27":[0,0],"28":[0,0],"29":[0,0],"30":[0,0],"31":[0,0],"32":[0,0],"33":[0,0],"34":[0,0],"35":[0,0]},"meta":{"lastBranch":36,"lastFunction":14,"lastStatement":114,"seen":{"s:47:42:67:Infinity":0,"f:47:42:47:Infinity":0,"s:50:17:56:Infinity":1,"b:58:2:58:Infinity:undefined:undefined:undefined:undefined":0,"s:58:2:58:Infinity":2,"s:58:29:58:Infinity":3,"s:60:14:60:Infinity":4,"s:61:2:66:Infinity":5,"b:64:51:64:79:64:79:64:Infinity":1,"s:69:45:77:Infinity":6,"f:69:45:69:Infinity":1,"s:72:17:75:Infinity":7,"s:76:2:76:Infinity":8,"b:76:10:76:29:76:29:76:34":2,"s:84:2:84:Infinity":9,"s:86:30:127:Infinity":10,"s:133:6:141:Infinity":11,"f:133:6:133:29":2,"s:134:2:140:Infinity":12,"s:135:24:135:Infinity":13,"s:136:4:136:Infinity":14,"s:138:4:138:Infinity":15,"s:139:4:139:Infinity":16,"s:147:6:153:Infinity":17,"f:147:6:147:18":3,"s:148:17:148:Infinity":18,"b:149:2:151:Infinity:undefined:undefined:undefined:undefined":3,"s:149:2:151:Infinity":19,"b:149:6:149:34:149:34:149:50:149:50:149:64":4,"s:150:4:150:Infinity":20,"s:152:2:152:Infinity":21,"s:155:6:160:Infinity":22,"f:155:6:155:14":4,"b:156:2:158:Infinity:undefined:undefined:undefined:undefined":5,"s:156:2:158:Infinity":23,"b:156:6:156:35:156:35:156:50":6,"s:157:4:157:Infinity":24,"s:159:2:159:Infinity":25,"s:162:6:219:Infinity":26,"f:162:6:162:33":5,"b:163:2:163:Infinity:undefined:undefined:undefined:undefined":7,"s:163:2:163:Infinity":27,"b:163:6:163:16:163:16:163:43":8,"s:163:43:163:Infinity":28,"s:164:15:164:Infinity":29,"s:167:21:167:Infinity":30,"b:168:2:168:Infinity:undefined:undefined:undefined:undefined":9,"s:168:2:168:Infinity":31,"b:168:6:168:21:168:21:168:53":10,"s:168:53:168:Infinity":32,"s:170:33:175:Infinity":33,"s:178:18:178:Infinity":34,"b:179:2:181:Infinity:undefined:undefined:undefined:undefined":11,"s:179:2:181:Infinity":35,"b:179:6:179:33:179:33:179:53":12,"s:180:4:180:Infinity":36,"s:183:26:216:Infinity":37,"f:183:46:183:51":6,"b:184:4:186:Infinity:undefined:undefined:undefined:undefined":13,"s:184:4:186:Infinity":38,"b:184:8:184:19:184:19:184:47":14,"s:185:6:185:Infinity":39,"s:188:16:188:Infinity":40,"s:189:23:189:Infinity":41,"b:191:4:193:Infinity:undefined:undefined:undefined:undefined":15,"s:191:4:193:Infinity":42,"b:191:8:191:38:191:38:191:61":16,"s:192:6:192:Infinity":43,"s:195:34:213:Infinity":44,"f:195:45:195:50":7,"b:196:6:198:Infinity:undefined:undefined:undefined:undefined":17,"s:196:6:198:Infinity":45,"b:196:10:196:24:196:24:196:55":18,"s:197:8:197:Infinity":46,"s:200:27:202:Infinity":47,"b:201:10:201:Infinity:202:10:202:Infinity":19,"f:201:33:201:41":8,"s:201:56:201:89":48,"b:201:56:201:81:201:81:201:89":20,"f:201:91:201:96":9,"s:201:110:201:118":49,"s:204:6:212:Infinity":50,"s:215:4:215:Infinity":51,"s:218:2:218:Infinity":52,"s:225:6:252:Infinity":53,"f:225:6:225:33":10,"s:226:2:230:Infinity":54,"b:227:12:227:27:227:27:227:Infinity":21,"b:228:10:228:23:228:23:228:41":22,"b:229:10:229:23:229:23:229:41":23,"b:230:20:230:34:230:34:230:52":24,"s:258:38:281:Infinity":55,"f:258:38:258:Infinity":11,"s:262:24:262:Infinity":56,"s:265:17:272:Infinity":57,"s:274:14:274:Infinity":58,"s:275:2:280:Infinity":59,"s:287:39:383:Infinity":60,"f:287:39:287:Infinity":12,"s:290:17:290:Infinity":61,"b:291:2:291:Infinity:undefined:undefined:undefined:undefined":25,"s:291:2:291:Infinity":62,"b:291:6:291:17:291:17:291:47":26,"s:291:47:291:Infinity":63,"s:294:15:294:Infinity":64,"s:296:2:296:Infinity":65,"b:296:45:296:60:296:60:296:67":27,"s:299:17:299:Infinity":66,"s:302:21:302:Infinity":67,"s:303:2:349:Infinity":68,"s:304:21:316:Infinity":69,"b:318:4:337:Infinity:undefined:undefined:undefined:undefined":28,"s:318:4:337:Infinity":70,"s:319:19:319:Infinity":71,"s:320:6:320:Infinity":72,"b:321:6:335:Infinity:undefined:undefined:undefined:undefined":29,"s:321:6:335:Infinity":73,"s:322:32:322:Infinity":74,"s:323:8:333:Infinity":75,"s:324:25:324:Infinity":76,"s:327:29:327:Infinity":77,"f:327:52:327:58":13,"s:327:69:327:86":78,"s:328:26:328:Infinity":79,"b:328:44:328:58:328:58:328:60":30,"b:329:10:329:Infinity:undefined:undefined:undefined:undefined":31,"s:329:10:329:Infinity":80,"b:329:14:329:42:329:42:329:55":32,"s:329:55:329:Infinity":81,"s:331:24:331:Infinity":82,"b:332:10:332:Infinity:undefined:undefined:undefined:undefined":33,"s:332:10:332:Infinity":83,"s:332:21:332:Infinity":84,"s:334:8:334:Infinity":85,"s:336:6:336:Infinity":86,"s:339:18:339:Infinity":87,"s:342:4:342:Infinity":88,"b:342:19:342:70:342:70:342:Infinity":34,"b:343:4:343:Infinity:undefined:undefined:undefined:undefined":35,"s:343:4:343:Infinity":89,"s:343:23:343:Infinity":90,"s:344:4:344:Infinity":91,"s:346:4:346:Infinity":92,"s:347:4:347:Infinity":93,"s:348:4:348:Infinity":94,"s:353:2:360:Infinity":95,"s:354:4:354:Infinity":96,"s:356:4:356:Infinity":97,"s:357:4:357:Infinity":98,"s:358:4:358:Infinity":99,"s:359:4:359:Infinity":100,"s:364:2:372:Infinity":101,"s:365:4:365:Infinity":102,"s:366:4:366:Infinity":103,"s:368:4:368:Infinity":104,"s:369:4:369:Infinity":105,"s:370:4:370:Infinity":106,"s:371:4:371:Infinity":107,"s:375:2:382:Infinity":108,"s:376:22:376:Infinity":109,"s:377:4:377:Infinity":110,"s:379:4:379:Infinity":111,"s:380:4:380:Infinity":112,"s:381:4:381:Infinity":113},"fnNames":{}}}
}
